[0.007s] Invoking command in '/home/yeonsoo/workspace/go_ws/build/champ_bringup': CMAKE_PREFIX_PATH=/home/yeonsoo/workspace/go_ws/install/champ_base:/home/yeonsoo/workspace/go_ws/install/champ_msgs:/home/yeonsoo/workspace/go_ws/install/champ_description:/home/yeonsoo/workspace/go_ws/install/champ:/home/yeonsoo/workspace/go_ws/install/go2_description:/home/yeonsoo/workspace/go_ws/install/go2_config:/home/yeonsoo/workspace/go_ws/install/champ_teleop:/home/yeonsoo/workspace/go_ws/install/champ_navigation:/home/yeonsoo/workspace/go_ws/install/champ_gazebo:/home/yeonsoo/workspace/go_ws/install/champ_bringup:/home/yeonsoo/workspace/go_ws/install/champ_config:/opt/ros/humble LD_LIBRARY_PATH=/home/yeonsoo/workspace/go_ws/install/champ_base/lib:/home/yeonsoo/workspace/go_ws/install/champ_msgs/lib:/usr/lib/x86_64-linux-gnu/gazebo-11/plugins:/opt/ros/humble/opt/rviz_ogre_vendor/lib:/opt/ros/humble/lib/x86_64-linux-gnu:/opt/ros/humble/lib:/usr/local/cuda/lib64 PATH=/home/yeonsoo/workspace/go_ws/install/champ_base/bin:/home/yeonsoo/workspace/go_ws/install/champ_gazebo/bin:/opt/ros/humble/bin:/usr/local/cuda/bin:/home/yeonsoo/.local/bin:/usr/local/sbin:/usr/local/bin:/usr/sbin:/usr/bin:/sbin:/bin:/usr/games:/usr/local/games:/snap/bin:/snap/bin /usr/bin/cmake --build /home/yeonsoo/workspace/go_ws/build/champ_bringup -- -j32 -l32
[0.038s] Built target ament_cmake_python_symlink_champ_bringup
[0.142s] running egg_info
[0.143s] writing champ_bringup.egg-info/PKG-INFO
[0.143s] writing dependency_links to champ_bringup.egg-info/dependency_links.txt
[0.143s] writing top-level names to champ_bringup.egg-info/top_level.txt
[0.144s] reading manifest file 'champ_bringup.egg-info/SOURCES.txt'
[0.144s] writing manifest file 'champ_bringup.egg-info/SOURCES.txt'
[0.158s] Built target ament_cmake_python_build_champ_bringup_egg
[0.164s] Invoked command in '/home/yeonsoo/workspace/go_ws/build/champ_bringup' returned '0': CMAKE_PREFIX_PATH=/home/yeonsoo/workspace/go_ws/install/champ_base:/home/yeonsoo/workspace/go_ws/install/champ_msgs:/home/yeonsoo/workspace/go_ws/install/champ_description:/home/yeonsoo/workspace/go_ws/install/champ:/home/yeonsoo/workspace/go_ws/install/go2_description:/home/yeonsoo/workspace/go_ws/install/go2_config:/home/yeonsoo/workspace/go_ws/install/champ_teleop:/home/yeonsoo/workspace/go_ws/install/champ_navigation:/home/yeonsoo/workspace/go_ws/install/champ_gazebo:/home/yeonsoo/workspace/go_ws/install/champ_bringup:/home/yeonsoo/workspace/go_ws/install/champ_config:/opt/ros/humble LD_LIBRARY_PATH=/home/yeonsoo/workspace/go_ws/install/champ_base/lib:/home/yeonsoo/workspace/go_ws/install/champ_msgs/lib:/usr/lib/x86_64-linux-gnu/gazebo-11/plugins:/opt/ros/humble/opt/rviz_ogre_vendor/lib:/opt/ros/humble/lib/x86_64-linux-gnu:/opt/ros/humble/lib:/usr/local/cuda/lib64 PATH=/home/yeonsoo/workspace/go_ws/install/champ_base/bin:/home/yeonsoo/workspace/go_ws/install/champ_gazebo/bin:/opt/ros/humble/bin:/usr/local/cuda/bin:/home/yeonsoo/.local/bin:/usr/local/sbin:/usr/local/bin:/usr/sbin:/usr/bin:/sbin:/bin:/usr/games:/usr/local/games:/snap/bin:/snap/bin /usr/bin/cmake --build /home/yeonsoo/workspace/go_ws/build/champ_bringup -- -j32 -l32
[0.165s] Invoking command in '/home/yeonsoo/workspace/go_ws/build/champ_bringup': CMAKE_PREFIX_PATH=/home/yeonsoo/workspace/go_ws/install/champ_base:/home/yeonsoo/workspace/go_ws/install/champ_msgs:/home/yeonsoo/workspace/go_ws/install/champ_description:/home/yeonsoo/workspace/go_ws/install/champ:/home/yeonsoo/workspace/go_ws/install/go2_description:/home/yeonsoo/workspace/go_ws/install/go2_config:/home/yeonsoo/workspace/go_ws/install/champ_teleop:/home/yeonsoo/workspace/go_ws/install/champ_navigation:/home/yeonsoo/workspace/go_ws/install/champ_gazebo:/home/yeonsoo/workspace/go_ws/install/champ_bringup:/home/yeonsoo/workspace/go_ws/install/champ_config:/opt/ros/humble LD_LIBRARY_PATH=/home/yeonsoo/workspace/go_ws/install/champ_base/lib:/home/yeonsoo/workspace/go_ws/install/champ_msgs/lib:/usr/lib/x86_64-linux-gnu/gazebo-11/plugins:/opt/ros/humble/opt/rviz_ogre_vendor/lib:/opt/ros/humble/lib/x86_64-linux-gnu:/opt/ros/humble/lib:/usr/local/cuda/lib64 PATH=/home/yeonsoo/workspace/go_ws/install/champ_base/bin:/home/yeonsoo/workspace/go_ws/install/champ_gazebo/bin:/opt/ros/humble/bin:/usr/local/cuda/bin:/home/yeonsoo/.local/bin:/usr/local/sbin:/usr/local/bin:/usr/sbin:/usr/bin:/sbin:/bin:/usr/games:/usr/local/games:/snap/bin:/snap/bin /usr/bin/cmake --install /home/yeonsoo/workspace/go_ws/build/champ_bringup
[0.168s] -- Install configuration: ""
[0.168s] -- Execute custom install script
[0.169s] -- Up-to-date symlink: /home/yeonsoo/workspace/go_ws/install/champ_bringup/share/champ_bringup/launch/bringup.launch
[0.169s] -- Up-to-date symlink: /home/yeonsoo/workspace/go_ws/install/champ_bringup/share/champ_bringup/launch/bringup.launch.py
[0.169s] -- Up-to-date symlink: /home/yeonsoo/workspace/go_ws/install/champ_bringup/share/champ_bringup/launch/include/laser/d435.launch
[0.169s] -- Up-to-date symlink: /home/yeonsoo/workspace/go_ws/install/champ_bringup/share/champ_bringup/launch/include/laser/hokuyo.launch
[0.169s] -- Up-to-date symlink: /home/yeonsoo/workspace/go_ws/install/champ_bringup/share/champ_bringup/launch/include/laser/kinect.launch
[0.169s] -- Up-to-date symlink: /home/yeonsoo/workspace/go_ws/install/champ_bringup/share/champ_bringup/launch/include/laser/lms1xx.launch
[0.169s] -- Up-to-date symlink: /home/yeonsoo/workspace/go_ws/install/champ_bringup/share/champ_bringup/launch/include/laser/realsense.launch
[0.169s] -- Up-to-date symlink: /home/yeonsoo/workspace/go_ws/install/champ_bringup/share/champ_bringup/launch/include/laser/rplidar.launch
[0.169s] -- Up-to-date symlink: /home/yeonsoo/workspace/go_ws/install/champ_bringup/share/champ_bringup/launch/include/laser/sim.launch
[0.169s] -- Up-to-date symlink: /home/yeonsoo/workspace/go_ws/install/champ_bringup/share/champ_bringup/launch/include/laser/sweep.launch
[0.169s] -- Up-to-date symlink: /home/yeonsoo/workspace/go_ws/install/champ_bringup/share/champ_bringup/launch/include/laser/xv11.launch
[0.169s] -- Up-to-date symlink: /home/yeonsoo/workspace/go_ws/install/champ_bringup/share/champ_bringup/launch/include/laser/ydlidar.launch
[0.169s] -- Up-to-date symlink: /home/yeonsoo/workspace/go_ws/install/champ_bringup/share/champ_bringup/launch/include/velocity_smoother.launch
[0.169s] -- Up-to-date symlink: /home/yeonsoo/workspace/go_ws/install/champ_bringup/share/champ_bringup/launch/joints_gui.launch
[0.169s] -- Up-to-date symlink: /home/yeonsoo/workspace/go_ws/install/champ_bringup/share/champ_bringup/launch/joints_gui.launch.py
[0.169s] -- Up-to-date symlink: /home/yeonsoo/workspace/go_ws/install/champ_bringup/share/champ_bringup/environment/pythonpath.sh
[0.169s] -- Up-to-date symlink: /home/yeonsoo/workspace/go_ws/install/champ_bringup/share/champ_bringup/environment/pythonpath.dsv
[0.169s] -- Up-to-date symlink: /home/yeonsoo/workspace/go_ws/install/champ_bringup/local/lib/python3.10/dist-packages/champ_bringup-0.1.0-py3.10.egg-info/PKG-INFO
[0.169s] -- Up-to-date symlink: /home/yeonsoo/workspace/go_ws/install/champ_bringup/local/lib/python3.10/dist-packages/champ_bringup-0.1.0-py3.10.egg-info/SOURCES.txt
[0.169s] -- Up-to-date symlink: /home/yeonsoo/workspace/go_ws/install/champ_bringup/local/lib/python3.10/dist-packages/champ_bringup-0.1.0-py3.10.egg-info/dependency_links.txt
[0.169s] -- Up-to-date symlink: /home/yeonsoo/workspace/go_ws/install/champ_bringup/local/lib/python3.10/dist-packages/champ_bringup-0.1.0-py3.10.egg-info/top_level.txt
[0.170s] -- Up-to-date symlink: /home/yeonsoo/workspace/go_ws/install/champ_bringup/local/lib/python3.10/dist-packages/champ_bringup/__init__.py
[0.170s] -- Up-to-date symlink: /home/yeonsoo/workspace/go_ws/install/champ_bringup/local/lib/python3.10/dist-packages/champ_bringup/joint_calibrator_relay.py
[0.170s] -- Up-to-date symlink: /home/yeonsoo/workspace/go_ws/install/champ_bringup/lib/champ_bringup/joint_calibrator_relay.py
[0.170s] -- Up-to-date symlink: /home/yeonsoo/workspace/go_ws/install/champ_bringup/share/ament_index/resource_index/package_run_dependencies/champ_bringup
[0.170s] -- Up-to-date symlink: /home/yeonsoo/workspace/go_ws/install/champ_bringup/share/ament_index/resource_index/parent_prefix_path/champ_bringup
[0.170s] -- Up-to-date symlink: /home/yeonsoo/workspace/go_ws/install/champ_bringup/share/champ_bringup/environment/ament_prefix_path.sh
[0.170s] -- Up-to-date symlink: /home/yeonsoo/workspace/go_ws/install/champ_bringup/share/champ_bringup/environment/ament_prefix_path.dsv
[0.170s] -- Up-to-date symlink: /home/yeonsoo/workspace/go_ws/install/champ_bringup/share/champ_bringup/environment/path.sh
[0.170s] -- Up-to-date symlink: /home/yeonsoo/workspace/go_ws/install/champ_bringup/share/champ_bringup/environment/path.dsv
[0.170s] -- Up-to-date symlink: /home/yeonsoo/workspace/go_ws/install/champ_bringup/share/champ_bringup/local_setup.bash
[0.170s] -- Up-to-date symlink: /home/yeonsoo/workspace/go_ws/install/champ_bringup/share/champ_bringup/local_setup.sh
[0.170s] -- Up-to-date symlink: /home/yeonsoo/workspace/go_ws/install/champ_bringup/share/champ_bringup/local_setup.zsh
[0.170s] -- Up-to-date symlink: /home/yeonsoo/workspace/go_ws/install/champ_bringup/share/champ_bringup/local_setup.dsv
[0.170s] -- Symlinking: /home/yeonsoo/workspace/go_ws/install/champ_bringup/share/champ_bringup/package.dsv
[0.175s] -- Up-to-date symlink: /home/yeonsoo/workspace/go_ws/install/champ_bringup/share/ament_index/resource_index/packages/champ_bringup
[0.175s] -- Up-to-date symlink: /home/yeonsoo/workspace/go_ws/install/champ_bringup/share/champ_bringup/cmake/champ_bringupConfig.cmake
[0.175s] -- Up-to-date symlink: /home/yeonsoo/workspace/go_ws/install/champ_bringup/share/champ_bringup/cmake/champ_bringupConfig-version.cmake
[0.175s] -- Up-to-date symlink: /home/yeonsoo/workspace/go_ws/install/champ_bringup/share/champ_bringup/package.xml
[0.191s] Listing '/home/yeonsoo/workspace/go_ws/install/champ_bringup/local/lib/python3.10/dist-packages/champ_bringup'...
[0.194s] Invoked command in '/home/yeonsoo/workspace/go_ws/build/champ_bringup' returned '0': CMAKE_PREFIX_PATH=/home/yeonsoo/workspace/go_ws/install/champ_base:/home/yeonsoo/workspace/go_ws/install/champ_msgs:/home/yeonsoo/workspace/go_ws/install/champ_description:/home/yeonsoo/workspace/go_ws/install/champ:/home/yeonsoo/workspace/go_ws/install/go2_description:/home/yeonsoo/workspace/go_ws/install/go2_config:/home/yeonsoo/workspace/go_ws/install/champ_teleop:/home/yeonsoo/workspace/go_ws/install/champ_navigation:/home/yeonsoo/workspace/go_ws/install/champ_gazebo:/home/yeonsoo/workspace/go_ws/install/champ_bringup:/home/yeonsoo/workspace/go_ws/install/champ_config:/opt/ros/humble LD_LIBRARY_PATH=/home/yeonsoo/workspace/go_ws/install/champ_base/lib:/home/yeonsoo/workspace/go_ws/install/champ_msgs/lib:/usr/lib/x86_64-linux-gnu/gazebo-11/plugins:/opt/ros/humble/opt/rviz_ogre_vendor/lib:/opt/ros/humble/lib/x86_64-linux-gnu:/opt/ros/humble/lib:/usr/local/cuda/lib64 PATH=/home/yeonsoo/workspace/go_ws/install/champ_base/bin:/home/yeonsoo/workspace/go_ws/install/champ_gazebo/bin:/opt/ros/humble/bin:/usr/local/cuda/bin:/home/yeonsoo/.local/bin:/usr/local/sbin:/usr/local/bin:/usr/sbin:/usr/bin:/sbin:/bin:/usr/games:/usr/local/games:/snap/bin:/snap/bin /usr/bin/cmake --install /home/yeonsoo/workspace/go_ws/build/champ_bringup
