[0.011s] Invoking command in '/home/yeonsoo/workspace/go_ws/build/go2_config': CMAKE_PREFIX_PATH=${CMAKE_PREFIX_PATH}:/opt/ros/humble /usr/bin/cmake /home/yeonsoo/workspace/go_ws/src/unitree-go2-ros2/robots/configs/go2_config -DAMENT_CMAKE_SYMLINK_INSTALL=1 -DCMAKE_INSTALL_PREFIX=/home/yeonsoo/workspace/go_ws/install/go2_config
[0.083s] -- The C compiler identification is GNU 11.4.0
[0.124s] -- The CXX compiler identification is GNU 11.4.0
[0.129s] -- Detecting C compiler ABI info
[0.168s] -- Detecting C compiler ABI info - done
[0.173s] -- Check for working C compiler: /usr/bin/cc - skipped
[0.173s] -- Detecting C compile features
[0.173s] -- Detecting C compile features - done
[0.174s] -- Detecting CXX compiler ABI info
[0.222s] -- Detecting CXX compiler ABI info - done
[0.226s] -- Check for working CXX compiler: /usr/bin/c++ - skipped
[0.226s] -- Detecting CXX compile features
[0.226s] -- Detecting CXX compile features - done
[0.227s] -- Found ament_cmake: 1.3.11 (/opt/ros/humble/share/ament_cmake/cmake)
[0.310s] -- Found Python3: /usr/bin/python3 (found version "3.10.12") found components: Interpreter 
[0.338s] -- Override CMake install command with custom implementation using symlinks instead of copying resources
[0.382s] -- Configuring done
[0.383s] -- Generating done
[0.383s] -- Build files have been written to: /home/yeonsoo/workspace/go_ws/build/go2_config
[0.386s] Invoked command in '/home/yeonsoo/workspace/go_ws/build/go2_config' returned '0': CMAKE_PREFIX_PATH=${CMAKE_PREFIX_PATH}:/opt/ros/humble /usr/bin/cmake /home/yeonsoo/workspace/go_ws/src/unitree-go2-ros2/robots/configs/go2_config -DAMENT_CMAKE_SYMLINK_INSTALL=1 -DCMAKE_INSTALL_PREFIX=/home/yeonsoo/workspace/go_ws/install/go2_config
[0.387s] Invoking command in '/home/yeonsoo/workspace/go_ws/build/go2_config': CMAKE_PREFIX_PATH=${CMAKE_PREFIX_PATH}:/opt/ros/humble /usr/bin/cmake --build /home/yeonsoo/workspace/go_ws/build/go2_config -- -j32 -l32
[0.414s] Invoked command in '/home/yeonsoo/workspace/go_ws/build/go2_config' returned '0': CMAKE_PREFIX_PATH=${CMAKE_PREFIX_PATH}:/opt/ros/humble /usr/bin/cmake --build /home/yeonsoo/workspace/go_ws/build/go2_config -- -j32 -l32
[0.415s] Invoking command in '/home/yeonsoo/workspace/go_ws/build/go2_config': CMAKE_PREFIX_PATH=${CMAKE_PREFIX_PATH}:/opt/ros/humble /usr/bin/cmake --install /home/yeonsoo/workspace/go_ws/build/go2_config
[0.420s] -- Install configuration: ""
[0.420s] -- Execute custom install script
[0.420s] -- Symlinking: /home/yeonsoo/workspace/go_ws/install/go2_config/share/go2_config/launch/bringup.launch.py
[0.426s] -- Symlinking: /home/yeonsoo/workspace/go_ws/install/go2_config/share/go2_config/launch/gazebo.launch.py
[0.431s] -- Symlinking: /home/yeonsoo/workspace/go_ws/install/go2_config/share/go2_config/launch/gazebo_velodyne.launch.py
[0.437s] -- Symlinking: /home/yeonsoo/workspace/go_ws/install/go2_config/share/go2_config/launch/navigate.launch.py
[0.444s] -- Symlinking: /home/yeonsoo/workspace/go_ws/install/go2_config/share/go2_config/launch/slam.launch.py
[0.449s] -- Symlinking: /home/yeonsoo/workspace/go_ws/install/go2_config/share/go2_config/config/autonomy/navigation.yaml
[0.455s] -- Symlinking: /home/yeonsoo/workspace/go_ws/install/go2_config/share/go2_config/config/autonomy/slam.yaml
[0.459s] -- Symlinking: /home/yeonsoo/workspace/go_ws/install/go2_config/share/go2_config/config/gait/gait.yaml
[0.465s] -- Symlinking: /home/yeonsoo/workspace/go_ws/install/go2_config/share/go2_config/config/joints/joints.yaml
[0.471s] -- Symlinking: /home/yeonsoo/workspace/go_ws/install/go2_config/share/go2_config/config/links/links.yaml
[0.476s] -- Symlinking: /home/yeonsoo/workspace/go_ws/install/go2_config/share/go2_config/config/ros_control/ros_control.yaml
[0.481s] -- Symlinking: /home/yeonsoo/workspace/go_ws/install/go2_config/share/go2_config/maps/map.pgm
[0.486s] -- Symlinking: /home/yeonsoo/workspace/go_ws/install/go2_config/share/go2_config/maps/map.yaml
[0.492s] -- Symlinking: /home/yeonsoo/workspace/go_ws/install/go2_config/share/go2_config/maps/playground.pgm
[0.497s] -- Symlinking: /home/yeonsoo/workspace/go_ws/install/go2_config/share/go2_config/maps/playground.yaml
[0.503s] -- Symlinking: /home/yeonsoo/workspace/go_ws/install/go2_config/share/go2_config/worlds/default.world
[0.509s] -- Symlinking: /home/yeonsoo/workspace/go_ws/install/go2_config/share/go2_config/worlds/outdoor.world
[0.515s] -- Symlinking: /home/yeonsoo/workspace/go_ws/install/go2_config/share/go2_config/worlds/playground.world
[0.519s] -- Symlinking: /home/yeonsoo/workspace/go_ws/install/go2_config/share/ament_index/resource_index/package_run_dependencies/go2_config
[0.522s] -- Symlinking: /home/yeonsoo/workspace/go_ws/install/go2_config/share/ament_index/resource_index/parent_prefix_path/go2_config
[0.526s] -- Symlinking: /home/yeonsoo/workspace/go_ws/install/go2_config/share/go2_config/environment/ament_prefix_path.sh
[0.530s] -- Symlinking: /home/yeonsoo/workspace/go_ws/install/go2_config/share/go2_config/environment/ament_prefix_path.dsv
[0.536s] -- Symlinking: /home/yeonsoo/workspace/go_ws/install/go2_config/share/go2_config/environment/path.sh
[0.542s] -- Symlinking: /home/yeonsoo/workspace/go_ws/install/go2_config/share/go2_config/environment/path.dsv
[0.547s] -- Symlinking: /home/yeonsoo/workspace/go_ws/install/go2_config/share/go2_config/local_setup.bash
[0.552s] -- Symlinking: /home/yeonsoo/workspace/go_ws/install/go2_config/share/go2_config/local_setup.sh
[0.558s] -- Symlinking: /home/yeonsoo/workspace/go_ws/install/go2_config/share/go2_config/local_setup.zsh
[0.563s] -- Symlinking: /home/yeonsoo/workspace/go_ws/install/go2_config/share/go2_config/local_setup.dsv
[0.568s] -- Symlinking: /home/yeonsoo/workspace/go_ws/install/go2_config/share/go2_config/package.dsv
[0.574s] -- Symlinking: /home/yeonsoo/workspace/go_ws/install/go2_config/share/ament_index/resource_index/packages/go2_config
[0.578s] -- Symlinking: /home/yeonsoo/workspace/go_ws/install/go2_config/share/go2_config/cmake/go2_configConfig.cmake
[0.583s] -- Symlinking: /home/yeonsoo/workspace/go_ws/install/go2_config/share/go2_config/cmake/go2_configConfig-version.cmake
[0.589s] -- Symlinking: /home/yeonsoo/workspace/go_ws/install/go2_config/share/go2_config/package.xml
[0.596s] Invoked command in '/home/yeonsoo/workspace/go_ws/build/go2_config' returned '0': CMAKE_PREFIX_PATH=${CMAKE_PREFIX_PATH}:/opt/ros/humble /usr/bin/cmake --install /home/yeonsoo/workspace/go_ws/build/go2_config
