[0.006s] Invoking command in '/home/yeonsoo/workspace/go_ws/build/champ_gazebo': CMAKE_PREFIX_PATH=/home/yeonsoo/workspace/go_ws/install/champ_msgs:/home/yeonsoo/workspace/go_ws/install/champ:/home/yeonsoo/workspace/go_ws/install/go2_description:/home/yeonsoo/workspace/go_ws/install/go2_config:/home/yeonsoo/workspace/go_ws/install/champ_teleop:/home/yeonsoo/workspace/go_ws/install/champ_navigation:/home/yeonsoo/workspace/go_ws/install/champ_gazebo:/home/yeonsoo/workspace/go_ws/install/champ_bringup:/home/yeonsoo/workspace/go_ws/install/champ_base:/home/yeonsoo/workspace/go_ws/install/champ_description:/home/yeonsoo/workspace/go_ws/install/champ_config:/opt/ros/humble LD_LIBRARY_PATH=/home/yeonsoo/workspace/go_ws/install/champ_msgs/lib:/home/yeonsoo/workspace/go_ws/install/champ_base/lib:/usr/lib/x86_64-linux-gnu/gazebo-11/plugins:/opt/ros/humble/opt/rviz_ogre_vendor/lib:/opt/ros/humble/lib/x86_64-linux-gnu:/opt/ros/humble/lib:/usr/local/cuda/lib64 /usr/bin/cmake --build /home/yeonsoo/workspace/go_ws/build/champ_gazebo -- -j32 -l32
[0.031s] [35m[1mConsolidate compiler generated dependencies of target contact_sensor[0m
[0.055s] [100%] Built target contact_sensor
[0.063s] Invoked command in '/home/yeonsoo/workspace/go_ws/build/champ_gazebo' returned '0': CMAKE_PREFIX_PATH=/home/yeonsoo/workspace/go_ws/install/champ_msgs:/home/yeonsoo/workspace/go_ws/install/champ:/home/yeonsoo/workspace/go_ws/install/go2_description:/home/yeonsoo/workspace/go_ws/install/go2_config:/home/yeonsoo/workspace/go_ws/install/champ_teleop:/home/yeonsoo/workspace/go_ws/install/champ_navigation:/home/yeonsoo/workspace/go_ws/install/champ_gazebo:/home/yeonsoo/workspace/go_ws/install/champ_bringup:/home/yeonsoo/workspace/go_ws/install/champ_base:/home/yeonsoo/workspace/go_ws/install/champ_description:/home/yeonsoo/workspace/go_ws/install/champ_config:/opt/ros/humble LD_LIBRARY_PATH=/home/yeonsoo/workspace/go_ws/install/champ_msgs/lib:/home/yeonsoo/workspace/go_ws/install/champ_base/lib:/usr/lib/x86_64-linux-gnu/gazebo-11/plugins:/opt/ros/humble/opt/rviz_ogre_vendor/lib:/opt/ros/humble/lib/x86_64-linux-gnu:/opt/ros/humble/lib:/usr/local/cuda/lib64 /usr/bin/cmake --build /home/yeonsoo/workspace/go_ws/build/champ_gazebo -- -j32 -l32
[0.063s] Invoking command in '/home/yeonsoo/workspace/go_ws/build/champ_gazebo': CMAKE_PREFIX_PATH=/home/yeonsoo/workspace/go_ws/install/champ_msgs:/home/yeonsoo/workspace/go_ws/install/champ:/home/yeonsoo/workspace/go_ws/install/go2_description:/home/yeonsoo/workspace/go_ws/install/go2_config:/home/yeonsoo/workspace/go_ws/install/champ_teleop:/home/yeonsoo/workspace/go_ws/install/champ_navigation:/home/yeonsoo/workspace/go_ws/install/champ_gazebo:/home/yeonsoo/workspace/go_ws/install/champ_bringup:/home/yeonsoo/workspace/go_ws/install/champ_base:/home/yeonsoo/workspace/go_ws/install/champ_description:/home/yeonsoo/workspace/go_ws/install/champ_config:/opt/ros/humble LD_LIBRARY_PATH=/home/yeonsoo/workspace/go_ws/install/champ_msgs/lib:/home/yeonsoo/workspace/go_ws/install/champ_base/lib:/usr/lib/x86_64-linux-gnu/gazebo-11/plugins:/opt/ros/humble/opt/rviz_ogre_vendor/lib:/opt/ros/humble/lib/x86_64-linux-gnu:/opt/ros/humble/lib:/usr/local/cuda/lib64 /usr/bin/cmake --install /home/yeonsoo/workspace/go_ws/build/champ_gazebo
[0.067s] -- Install configuration: ""
[0.067s] -- Execute custom install script
[0.067s] -- Up-to-date symlink: /home/yeonsoo/workspace/go_ws/install/champ_gazebo/bin/imu_sensor.py
[0.067s] -- Up-to-date symlink: /home/yeonsoo/workspace/go_ws/install/champ_gazebo/bin/odometry_tf.py
[0.067s] -- Up-to-date symlink: /home/yeonsoo/workspace/go_ws/install/champ_gazebo/bin/odometry.py
[0.068s] -- Up-to-date symlink: /home/yeonsoo/workspace/go_ws/install/champ_gazebo/lib/champ_gazebo/contact_sensor
[0.068s] -- Up-to-date symlink: /home/yeonsoo/workspace/go_ws/install/champ_gazebo/share/champ_gazebo/launch/gazebo.launch
[0.068s] -- Up-to-date symlink: /home/yeonsoo/workspace/go_ws/install/champ_gazebo/share/champ_gazebo/launch/gazebo.launch.py
[0.068s] -- Up-to-date symlink: /home/yeonsoo/workspace/go_ws/install/champ_gazebo/share/champ_gazebo/launch/spawn_robot.launch
[0.068s] -- Up-to-date symlink: /home/yeonsoo/workspace/go_ws/install/champ_gazebo/share/champ_gazebo/launch/spawn_world.launch
[0.068s] -- Up-to-date symlink: /home/yeonsoo/workspace/go_ws/install/champ_gazebo/share/champ_gazebo/config/gazebo.yaml
[0.068s] -- Up-to-date symlink: /home/yeonsoo/workspace/go_ws/install/champ_gazebo/share/champ_gazebo/config/ros_control.yaml
[0.068s] -- Up-to-date symlink: /home/yeonsoo/workspace/go_ws/install/champ_gazebo/share/champ_gazebo/worlds/default.world
[0.068s] -- Up-to-date symlink: /home/yeonsoo/workspace/go_ws/install/champ_gazebo/share/champ_gazebo/worlds/outdoor.world
[0.068s] -- Up-to-date symlink: /home/yeonsoo/workspace/go_ws/install/champ_gazebo/share/champ_gazebo/worlds/playground.world
[0.068s] -- Up-to-date symlink: /home/yeonsoo/workspace/go_ws/install/champ_gazebo/share/ament_index/resource_index/package_run_dependencies/champ_gazebo
[0.068s] -- Up-to-date symlink: /home/yeonsoo/workspace/go_ws/install/champ_gazebo/share/ament_index/resource_index/parent_prefix_path/champ_gazebo
[0.068s] -- Up-to-date symlink: /home/yeonsoo/workspace/go_ws/install/champ_gazebo/share/champ_gazebo/environment/ament_prefix_path.sh
[0.068s] -- Up-to-date symlink: /home/yeonsoo/workspace/go_ws/install/champ_gazebo/share/champ_gazebo/environment/ament_prefix_path.dsv
[0.068s] -- Up-to-date symlink: /home/yeonsoo/workspace/go_ws/install/champ_gazebo/share/champ_gazebo/environment/path.sh
[0.068s] -- Up-to-date symlink: /home/yeonsoo/workspace/go_ws/install/champ_gazebo/share/champ_gazebo/environment/path.dsv
[0.068s] -- Up-to-date symlink: /home/yeonsoo/workspace/go_ws/install/champ_gazebo/share/champ_gazebo/local_setup.bash
[0.068s] -- Up-to-date symlink: /home/yeonsoo/workspace/go_ws/install/champ_gazebo/share/champ_gazebo/local_setup.sh
[0.068s] -- Up-to-date symlink: /home/yeonsoo/workspace/go_ws/install/champ_gazebo/share/champ_gazebo/local_setup.zsh
[0.069s] -- Up-to-date symlink: /home/yeonsoo/workspace/go_ws/install/champ_gazebo/share/champ_gazebo/local_setup.dsv
[0.069s] -- Symlinking: /home/yeonsoo/workspace/go_ws/install/champ_gazebo/share/champ_gazebo/package.dsv
[0.072s] -- Up-to-date symlink: /home/yeonsoo/workspace/go_ws/install/champ_gazebo/share/ament_index/resource_index/packages/champ_gazebo
[0.072s] -- Up-to-date symlink: /home/yeonsoo/workspace/go_ws/install/champ_gazebo/share/champ_gazebo/cmake/ament_cmake_export_include_directories-extras.cmake
[0.072s] -- Up-to-date symlink: /home/yeonsoo/workspace/go_ws/install/champ_gazebo/share/champ_gazebo/cmake/ament_cmake_export_dependencies-extras.cmake
[0.072s] -- Up-to-date symlink: /home/yeonsoo/workspace/go_ws/install/champ_gazebo/share/champ_gazebo/cmake/champ_gazeboConfig.cmake
[0.073s] -- Up-to-date symlink: /home/yeonsoo/workspace/go_ws/install/champ_gazebo/share/champ_gazebo/cmake/champ_gazeboConfig-version.cmake
[0.073s] -- Up-to-date symlink: /home/yeonsoo/workspace/go_ws/install/champ_gazebo/share/champ_gazebo/package.xml
[0.073s] Invoked command in '/home/yeonsoo/workspace/go_ws/build/champ_gazebo' returned '0': CMAKE_PREFIX_PATH=/home/yeonsoo/workspace/go_ws/install/champ_msgs:/home/yeonsoo/workspace/go_ws/install/champ:/home/yeonsoo/workspace/go_ws/install/go2_description:/home/yeonsoo/workspace/go_ws/install/go2_config:/home/yeonsoo/workspace/go_ws/install/champ_teleop:/home/yeonsoo/workspace/go_ws/install/champ_navigation:/home/yeonsoo/workspace/go_ws/install/champ_gazebo:/home/yeonsoo/workspace/go_ws/install/champ_bringup:/home/yeonsoo/workspace/go_ws/install/champ_base:/home/yeonsoo/workspace/go_ws/install/champ_description:/home/yeonsoo/workspace/go_ws/install/champ_config:/opt/ros/humble LD_LIBRARY_PATH=/home/yeonsoo/workspace/go_ws/install/champ_msgs/lib:/home/yeonsoo/workspace/go_ws/install/champ_base/lib:/usr/lib/x86_64-linux-gnu/gazebo-11/plugins:/opt/ros/humble/opt/rviz_ogre_vendor/lib:/opt/ros/humble/lib/x86_64-linux-gnu:/opt/ros/humble/lib:/usr/local/cuda/lib64 /usr/bin/cmake --install /home/yeonsoo/workspace/go_ws/build/champ_gazebo
