[0.015s] Invoking command in '/home/yeonsoo/workspace/go_ws/build/champ_navigation': CMAKE_PREFIX_PATH=${CMAKE_PREFIX_PATH}:/opt/ros/humble /usr/bin/cmake --build /home/yeonsoo/workspace/go_ws/build/champ_navigation -- -j32 -l32
[0.144s] Invoked command in '/home/yeonsoo/workspace/go_ws/build/champ_navigation' returned '0': CMAKE_PREFIX_PATH=${CMAKE_PREFIX_PATH}:/opt/ros/humble /usr/bin/cmake --build /home/yeonsoo/workspace/go_ws/build/champ_navigation -- -j32 -l32
[0.144s] Invoking command in '/home/yeonsoo/workspace/go_ws/build/champ_navigation': CMAKE_PREFIX_PATH=${CMAKE_PREFIX_PATH}:/opt/ros/humble /usr/bin/cmake --install /home/yeonsoo/workspace/go_ws/build/champ_navigation
[0.151s] -- Install configuration: ""
[0.151s] -- Execute custom install script
[0.151s] -- Up-to-date symlink: /home/yeonsoo/workspace/go_ws/install/champ_navigation/share/champ_navigation/launch/navigate.launch.py
[0.151s] -- Up-to-date symlink: /home/yeonsoo/workspace/go_ws/install/champ_navigation/share/champ_navigation/launch/slam.launch.py
[0.151s] -- Up-to-date symlink: /home/yeonsoo/workspace/go_ws/install/champ_navigation/share/champ_navigation/rviz/navigation.rviz
[0.151s] -- Up-to-date symlink: /home/yeonsoo/workspace/go_ws/install/champ_navigation/share/champ_navigation/rviz/navigation_minimal.rviz
[0.151s] -- Up-to-date symlink: /home/yeonsoo/workspace/go_ws/install/champ_navigation/share/champ_navigation/rviz/slam.rviz
[0.151s] -- Up-to-date symlink: /home/yeonsoo/workspace/go_ws/install/champ_navigation/share/ament_index/resource_index/package_run_dependencies/champ_navigation
[0.151s] -- Up-to-date symlink: /home/yeonsoo/workspace/go_ws/install/champ_navigation/share/ament_index/resource_index/parent_prefix_path/champ_navigation
[0.151s] -- Up-to-date symlink: /home/yeonsoo/workspace/go_ws/install/champ_navigation/share/champ_navigation/environment/ament_prefix_path.sh
[0.151s] -- Up-to-date symlink: /home/yeonsoo/workspace/go_ws/install/champ_navigation/share/champ_navigation/environment/ament_prefix_path.dsv
[0.151s] -- Up-to-date symlink: /home/yeonsoo/workspace/go_ws/install/champ_navigation/share/champ_navigation/environment/path.sh
[0.151s] -- Up-to-date symlink: /home/yeonsoo/workspace/go_ws/install/champ_navigation/share/champ_navigation/environment/path.dsv
[0.151s] -- Up-to-date symlink: /home/yeonsoo/workspace/go_ws/install/champ_navigation/share/champ_navigation/local_setup.bash
[0.151s] -- Up-to-date symlink: /home/yeonsoo/workspace/go_ws/install/champ_navigation/share/champ_navigation/local_setup.sh
[0.151s] -- Up-to-date symlink: /home/yeonsoo/workspace/go_ws/install/champ_navigation/share/champ_navigation/local_setup.zsh
[0.151s] -- Up-to-date symlink: /home/yeonsoo/workspace/go_ws/install/champ_navigation/share/champ_navigation/local_setup.dsv
[0.151s] -- Symlinking: /home/yeonsoo/workspace/go_ws/install/champ_navigation/share/champ_navigation/package.dsv
[0.159s] -- Up-to-date symlink: /home/yeonsoo/workspace/go_ws/install/champ_navigation/share/ament_index/resource_index/packages/champ_navigation
[0.159s] -- Up-to-date symlink: /home/yeonsoo/workspace/go_ws/install/champ_navigation/share/champ_navigation/cmake/champ_navigationConfig.cmake
[0.159s] -- Up-to-date symlink: /home/yeonsoo/workspace/go_ws/install/champ_navigation/share/champ_navigation/cmake/champ_navigationConfig-version.cmake
[0.159s] -- Up-to-date symlink: /home/yeonsoo/workspace/go_ws/install/champ_navigation/share/champ_navigation/package.xml
[0.167s] Invoked command in '/home/yeonsoo/workspace/go_ws/build/champ_navigation' returned '0': CMAKE_PREFIX_PATH=${CMAKE_PREFIX_PATH}:/opt/ros/humble /usr/bin/cmake --install /home/yeonsoo/workspace/go_ws/build/champ_navigation
