[0.006s] Invoking command in '/home/yeonsoo/workspace/go_ws/build/champ_base': CMAKE_PREFIX_PATH=/home/yeonsoo/workspace/go_ws/install/champ_msgs:/home/yeonsoo/workspace/go_ws/install/champ:/home/yeonsoo/workspace/go_ws/install/go2_description:/home/yeonsoo/workspace/go_ws/install/go2_config:/home/yeonsoo/workspace/go_ws/install/champ_teleop:/home/yeonsoo/workspace/go_ws/install/champ_navigation:/home/yeonsoo/workspace/go_ws/install/champ_gazebo:/home/yeonsoo/workspace/go_ws/install/champ_bringup:/home/yeonsoo/workspace/go_ws/install/champ_base:/home/yeonsoo/workspace/go_ws/install/champ_description:/home/yeonsoo/workspace/go_ws/install/champ_config:/opt/ros/humble LD_LIBRARY_PATH=/home/yeonsoo/workspace/go_ws/install/champ_msgs/lib:/home/yeonsoo/workspace/go_ws/install/champ_base/lib:/usr/lib/x86_64-linux-gnu/gazebo-11/plugins:/opt/ros/humble/opt/rviz_ogre_vendor/lib:/opt/ros/humble/lib/x86_64-linux-gnu:/opt/ros/humble/lib:/usr/local/cuda/lib64 /usr/bin/cmake --build /home/yeonsoo/workspace/go_ws/build/champ_base -- -j32 -l32
[0.033s] [35m[1mConsolidate compiler generated dependencies of target quadruped_controller[0m
[0.033s] [35m[1mConsolidate compiler generated dependencies of target message_relay[0m
[0.033s] [35m[1mConsolidate compiler generated dependencies of target state_estimation[0m
[0.044s] [ 16%] Built target quadruped_controller
[0.045s] [ 33%] Built target message_relay
[0.046s] [ 50%] Built target state_estimation
[0.052s] [35m[1mConsolidate compiler generated dependencies of target quadruped_controller_node[0m
[0.052s] [35m[1mConsolidate compiler generated dependencies of target message_relay_node[0m
[0.053s] [35m[1mConsolidate compiler generated dependencies of target state_estimation_node[0m
[0.062s] [ 66%] Built target quadruped_controller_node
[0.063s] [ 91%] Built target message_relay_node
[0.063s] [100%] Built target state_estimation_node
[0.068s] Invoked command in '/home/yeonsoo/workspace/go_ws/build/champ_base' returned '0': CMAKE_PREFIX_PATH=/home/yeonsoo/workspace/go_ws/install/champ_msgs:/home/yeonsoo/workspace/go_ws/install/champ:/home/yeonsoo/workspace/go_ws/install/go2_description:/home/yeonsoo/workspace/go_ws/install/go2_config:/home/yeonsoo/workspace/go_ws/install/champ_teleop:/home/yeonsoo/workspace/go_ws/install/champ_navigation:/home/yeonsoo/workspace/go_ws/install/champ_gazebo:/home/yeonsoo/workspace/go_ws/install/champ_bringup:/home/yeonsoo/workspace/go_ws/install/champ_base:/home/yeonsoo/workspace/go_ws/install/champ_description:/home/yeonsoo/workspace/go_ws/install/champ_config:/opt/ros/humble LD_LIBRARY_PATH=/home/yeonsoo/workspace/go_ws/install/champ_msgs/lib:/home/yeonsoo/workspace/go_ws/install/champ_base/lib:/usr/lib/x86_64-linux-gnu/gazebo-11/plugins:/opt/ros/humble/opt/rviz_ogre_vendor/lib:/opt/ros/humble/lib/x86_64-linux-gnu:/opt/ros/humble/lib:/usr/local/cuda/lib64 /usr/bin/cmake --build /home/yeonsoo/workspace/go_ws/build/champ_base -- -j32 -l32
[0.069s] Invoking command in '/home/yeonsoo/workspace/go_ws/build/champ_base': CMAKE_PREFIX_PATH=/home/yeonsoo/workspace/go_ws/install/champ_msgs:/home/yeonsoo/workspace/go_ws/install/champ:/home/yeonsoo/workspace/go_ws/install/go2_description:/home/yeonsoo/workspace/go_ws/install/go2_config:/home/yeonsoo/workspace/go_ws/install/champ_teleop:/home/yeonsoo/workspace/go_ws/install/champ_navigation:/home/yeonsoo/workspace/go_ws/install/champ_gazebo:/home/yeonsoo/workspace/go_ws/install/champ_bringup:/home/yeonsoo/workspace/go_ws/install/champ_base:/home/yeonsoo/workspace/go_ws/install/champ_description:/home/yeonsoo/workspace/go_ws/install/champ_config:/opt/ros/humble LD_LIBRARY_PATH=/home/yeonsoo/workspace/go_ws/install/champ_msgs/lib:/home/yeonsoo/workspace/go_ws/install/champ_base/lib:/usr/lib/x86_64-linux-gnu/gazebo-11/plugins:/opt/ros/humble/opt/rviz_ogre_vendor/lib:/opt/ros/humble/lib/x86_64-linux-gnu:/opt/ros/humble/lib:/usr/local/cuda/lib64 /usr/bin/cmake --install /home/yeonsoo/workspace/go_ws/build/champ_base
[0.073s] -- Install configuration: ""
[0.073s] -- Execute custom install script
[0.073s] -- Up-to-date symlink: /home/yeonsoo/workspace/go_ws/install/champ_base/share/champ_base/config/ekf/base_to_footprint.yaml
[0.073s] -- Up-to-date symlink: /home/yeonsoo/workspace/go_ws/install/champ_base/share/champ_base/config/ekf/footprint_to_odom.yaml
[0.073s] -- Up-to-date symlink: /home/yeonsoo/workspace/go_ws/install/champ_base/share/champ_base/config/velocity_smoother/velocity_smoother.yaml
[0.073s] -- Up-to-date symlink: /home/yeonsoo/workspace/go_ws/install/champ_base/lib/libquadruped_controller.so
[0.073s] -- Up-to-date symlink: /home/yeonsoo/workspace/go_ws/install/champ_base/bin/quadruped_controller_node
[0.073s] -- Up-to-date symlink: /home/yeonsoo/workspace/go_ws/install/champ_base/lib/libmessage_relay.so
[0.073s] -- Up-to-date symlink: /home/yeonsoo/workspace/go_ws/install/champ_base/bin/message_relay_node
[0.074s] -- Up-to-date symlink: /home/yeonsoo/workspace/go_ws/install/champ_base/lib/libstate_estimation.so
[0.074s] -- Up-to-date symlink: /home/yeonsoo/workspace/go_ws/install/champ_base/bin/state_estimation_node
[0.074s] -- Up-to-date symlink: /home/yeonsoo/workspace/go_ws/install/champ_base/lib/champ_base/quadruped_controller_node
[0.074s] -- Up-to-date symlink: /home/yeonsoo/workspace/go_ws/install/champ_base/lib/champ_base/message_relay_node
[0.074s] -- Up-to-date symlink: /home/yeonsoo/workspace/go_ws/install/champ_base/lib/champ_base/state_estimation_node
[0.074s] -- Up-to-date symlink: /home/yeonsoo/workspace/go_ws/install/champ_base/share/ament_index/resource_index/package_run_dependencies/champ_base
[0.074s] -- Up-to-date symlink: /home/yeonsoo/workspace/go_ws/install/champ_base/share/ament_index/resource_index/parent_prefix_path/champ_base
[0.074s] -- Up-to-date symlink: /home/yeonsoo/workspace/go_ws/install/champ_base/share/champ_base/environment/ament_prefix_path.sh
[0.074s] -- Up-to-date symlink: /home/yeonsoo/workspace/go_ws/install/champ_base/share/champ_base/environment/ament_prefix_path.dsv
[0.074s] -- Up-to-date symlink: /home/yeonsoo/workspace/go_ws/install/champ_base/share/champ_base/environment/path.sh
[0.074s] -- Up-to-date symlink: /home/yeonsoo/workspace/go_ws/install/champ_base/share/champ_base/environment/path.dsv
[0.074s] -- Up-to-date symlink: /home/yeonsoo/workspace/go_ws/install/champ_base/share/champ_base/local_setup.bash
[0.074s] -- Up-to-date symlink: /home/yeonsoo/workspace/go_ws/install/champ_base/share/champ_base/local_setup.sh
[0.075s] -- Up-to-date symlink: /home/yeonsoo/workspace/go_ws/install/champ_base/share/champ_base/local_setup.zsh
[0.075s] -- Up-to-date symlink: /home/yeonsoo/workspace/go_ws/install/champ_base/share/champ_base/local_setup.dsv
[0.075s] -- Symlinking: /home/yeonsoo/workspace/go_ws/install/champ_base/share/champ_base/package.dsv
[0.078s] -- Up-to-date symlink: /home/yeonsoo/workspace/go_ws/install/champ_base/share/ament_index/resource_index/packages/champ_base
[0.078s] -- Up-to-date symlink: /home/yeonsoo/workspace/go_ws/install/champ_base/share/champ_base/cmake/ament_cmake_export_include_directories-extras.cmake
[0.078s] -- Up-to-date symlink: /home/yeonsoo/workspace/go_ws/install/champ_base/share/champ_base/cmake/ament_cmake_export_dependencies-extras.cmake
[0.078s] -- Up-to-date symlink: /home/yeonsoo/workspace/go_ws/install/champ_base/share/champ_base/cmake/champ_baseConfig.cmake
[0.078s] -- Up-to-date symlink: /home/yeonsoo/workspace/go_ws/install/champ_base/share/champ_base/cmake/champ_baseConfig-version.cmake
[0.079s] -- Up-to-date symlink: /home/yeonsoo/workspace/go_ws/install/champ_base/share/champ_base/package.xml
[0.084s] Invoked command in '/home/yeonsoo/workspace/go_ws/build/champ_base' returned '0': CMAKE_PREFIX_PATH=/home/yeonsoo/workspace/go_ws/install/champ_msgs:/home/yeonsoo/workspace/go_ws/install/champ:/home/yeonsoo/workspace/go_ws/install/go2_description:/home/yeonsoo/workspace/go_ws/install/go2_config:/home/yeonsoo/workspace/go_ws/install/champ_teleop:/home/yeonsoo/workspace/go_ws/install/champ_navigation:/home/yeonsoo/workspace/go_ws/install/champ_gazebo:/home/yeonsoo/workspace/go_ws/install/champ_bringup:/home/yeonsoo/workspace/go_ws/install/champ_base:/home/yeonsoo/workspace/go_ws/install/champ_description:/home/yeonsoo/workspace/go_ws/install/champ_config:/opt/ros/humble LD_LIBRARY_PATH=/home/yeonsoo/workspace/go_ws/install/champ_msgs/lib:/home/yeonsoo/workspace/go_ws/install/champ_base/lib:/usr/lib/x86_64-linux-gnu/gazebo-11/plugins:/opt/ros/humble/opt/rviz_ogre_vendor/lib:/opt/ros/humble/lib/x86_64-linux-gnu:/opt/ros/humble/lib:/usr/local/cuda/lib64 /usr/bin/cmake --install /home/yeonsoo/workspace/go_ws/build/champ_base
