[0.007s] Invoking command in '/home/yeonsoo/workspace/go_ws/build/champ_bringup': CMAKE_PREFIX_PATH=/home/yeonsoo/workspace/go_ws/install/champ_base:/home/yeonsoo/workspace/go_ws/install/champ_msgs:/home/yeonsoo/workspace/go_ws/install/champ_description:/home/yeonsoo/workspace/go_ws/install/champ:/home/yeonsoo/workspace/go_ws/install/go2_description:/home/yeonsoo/workspace/go_ws/install/go2_config:/home/yeonsoo/workspace/go_ws/install/champ_teleop:/home/yeonsoo/workspace/go_ws/install/champ_navigation:/home/yeonsoo/workspace/go_ws/install/champ_gazebo:/home/yeonsoo/workspace/go_ws/install/champ_bringup:/home/yeonsoo/workspace/go_ws/install/champ_config:/opt/ros/humble LD_LIBRARY_PATH=/home/yeonsoo/workspace/go_ws/install/champ_base/lib:/home/yeonsoo/workspace/go_ws/install/champ_msgs/lib:/usr/lib/x86_64-linux-gnu/gazebo-11/plugins:/opt/ros/humble/opt/rviz_ogre_vendor/lib:/opt/ros/humble/lib/x86_64-linux-gnu:/opt/ros/humble/lib:/usr/local/cuda/lib64 PATH=/home/yeonsoo/workspace/go_ws/install/champ_base/bin:/home/yeonsoo/workspace/go_ws/install/champ_gazebo/bin:/opt/ros/humble/bin:/usr/local/cuda/bin:/home/yeonsoo/.local/bin:/usr/local/sbin:/usr/local/bin:/usr/sbin:/usr/bin:/sbin:/bin:/usr/games:/usr/local/games:/snap/bin:/snap/bin /usr/bin/cmake /home/yeonsoo/workspace/go_ws/src/unitree-go2-ros2/champ/champ_bringup -DAMENT_CMAKE_SYMLINK_INSTALL=1 -DCMAKE_INSTALL_PREFIX=/home/yeonsoo/workspace/go_ws/install/champ_bringup
[0.038s] -- The C compiler identification is GNU 11.4.0
[0.067s] -- The CXX compiler identification is GNU 11.4.0
[0.070s] -- Detecting C compiler ABI info
[0.108s] -- Detecting C compiler ABI info - done
[0.112s] -- Check for working C compiler: /usr/bin/cc - skipped
[0.112s] -- Detecting C compile features
[0.112s] -- Detecting C compile features - done
[0.113s] -- Detecting CXX compiler ABI info
[0.159s] -- Detecting CXX compiler ABI info - done
[0.162s] -- Check for working CXX compiler: /usr/bin/c++ - skipped
[0.162s] -- Detecting CXX compile features
[0.163s] -- Detecting CXX compile features - done
[0.164s] -- Found ament_cmake: 1.3.11 (/opt/ros/humble/share/ament_cmake/cmake)
[0.247s] -- Found Python3: /usr/bin/python3 (found version "3.10.12") found components: Interpreter 
[0.279s] -- Override CMake install command with custom implementation using symlinks instead of copying resources
[0.364s] -- Configuring done
[0.366s] -- Generating done
[0.367s] -- Build files have been written to: /home/yeonsoo/workspace/go_ws/build/champ_bringup
[0.369s] Invoked command in '/home/yeonsoo/workspace/go_ws/build/champ_bringup' returned '0': CMAKE_PREFIX_PATH=/home/yeonsoo/workspace/go_ws/install/champ_base:/home/yeonsoo/workspace/go_ws/install/champ_msgs:/home/yeonsoo/workspace/go_ws/install/champ_description:/home/yeonsoo/workspace/go_ws/install/champ:/home/yeonsoo/workspace/go_ws/install/go2_description:/home/yeonsoo/workspace/go_ws/install/go2_config:/home/yeonsoo/workspace/go_ws/install/champ_teleop:/home/yeonsoo/workspace/go_ws/install/champ_navigation:/home/yeonsoo/workspace/go_ws/install/champ_gazebo:/home/yeonsoo/workspace/go_ws/install/champ_bringup:/home/yeonsoo/workspace/go_ws/install/champ_config:/opt/ros/humble LD_LIBRARY_PATH=/home/yeonsoo/workspace/go_ws/install/champ_base/lib:/home/yeonsoo/workspace/go_ws/install/champ_msgs/lib:/usr/lib/x86_64-linux-gnu/gazebo-11/plugins:/opt/ros/humble/opt/rviz_ogre_vendor/lib:/opt/ros/humble/lib/x86_64-linux-gnu:/opt/ros/humble/lib:/usr/local/cuda/lib64 PATH=/home/yeonsoo/workspace/go_ws/install/champ_base/bin:/home/yeonsoo/workspace/go_ws/install/champ_gazebo/bin:/opt/ros/humble/bin:/usr/local/cuda/bin:/home/yeonsoo/.local/bin:/usr/local/sbin:/usr/local/bin:/usr/sbin:/usr/bin:/sbin:/bin:/usr/games:/usr/local/games:/snap/bin:/snap/bin /usr/bin/cmake /home/yeonsoo/workspace/go_ws/src/unitree-go2-ros2/champ/champ_bringup -DAMENT_CMAKE_SYMLINK_INSTALL=1 -DCMAKE_INSTALL_PREFIX=/home/yeonsoo/workspace/go_ws/install/champ_bringup
[0.370s] Invoking command in '/home/yeonsoo/workspace/go_ws/build/champ_bringup': CMAKE_PREFIX_PATH=/home/yeonsoo/workspace/go_ws/install/champ_base:/home/yeonsoo/workspace/go_ws/install/champ_msgs:/home/yeonsoo/workspace/go_ws/install/champ_description:/home/yeonsoo/workspace/go_ws/install/champ:/home/yeonsoo/workspace/go_ws/install/go2_description:/home/yeonsoo/workspace/go_ws/install/go2_config:/home/yeonsoo/workspace/go_ws/install/champ_teleop:/home/yeonsoo/workspace/go_ws/install/champ_navigation:/home/yeonsoo/workspace/go_ws/install/champ_gazebo:/home/yeonsoo/workspace/go_ws/install/champ_bringup:/home/yeonsoo/workspace/go_ws/install/champ_config:/opt/ros/humble LD_LIBRARY_PATH=/home/yeonsoo/workspace/go_ws/install/champ_base/lib:/home/yeonsoo/workspace/go_ws/install/champ_msgs/lib:/usr/lib/x86_64-linux-gnu/gazebo-11/plugins:/opt/ros/humble/opt/rviz_ogre_vendor/lib:/opt/ros/humble/lib/x86_64-linux-gnu:/opt/ros/humble/lib:/usr/local/cuda/lib64 PATH=/home/yeonsoo/workspace/go_ws/install/champ_base/bin:/home/yeonsoo/workspace/go_ws/install/champ_gazebo/bin:/opt/ros/humble/bin:/usr/local/cuda/bin:/home/yeonsoo/.local/bin:/usr/local/sbin:/usr/local/bin:/usr/sbin:/usr/bin:/sbin:/bin:/usr/games:/usr/local/games:/snap/bin:/snap/bin /usr/bin/cmake --build /home/yeonsoo/workspace/go_ws/build/champ_bringup -- -j32 -l32
[0.404s] Built target ament_cmake_python_symlink_champ_bringup
[0.507s] running egg_info
[0.507s] creating champ_bringup.egg-info
[0.508s] writing champ_bringup.egg-info/PKG-INFO
[0.508s] writing dependency_links to champ_bringup.egg-info/dependency_links.txt
[0.508s] writing top-level names to champ_bringup.egg-info/top_level.txt
[0.508s] writing manifest file 'champ_bringup.egg-info/SOURCES.txt'
[0.508s] reading manifest file 'champ_bringup.egg-info/SOURCES.txt'
[0.509s] writing manifest file 'champ_bringup.egg-info/SOURCES.txt'
[0.522s] Built target ament_cmake_python_build_champ_bringup_egg
[0.529s] Invoked command in '/home/yeonsoo/workspace/go_ws/build/champ_bringup' returned '0': CMAKE_PREFIX_PATH=/home/yeonsoo/workspace/go_ws/install/champ_base:/home/yeonsoo/workspace/go_ws/install/champ_msgs:/home/yeonsoo/workspace/go_ws/install/champ_description:/home/yeonsoo/workspace/go_ws/install/champ:/home/yeonsoo/workspace/go_ws/install/go2_description:/home/yeonsoo/workspace/go_ws/install/go2_config:/home/yeonsoo/workspace/go_ws/install/champ_teleop:/home/yeonsoo/workspace/go_ws/install/champ_navigation:/home/yeonsoo/workspace/go_ws/install/champ_gazebo:/home/yeonsoo/workspace/go_ws/install/champ_bringup:/home/yeonsoo/workspace/go_ws/install/champ_config:/opt/ros/humble LD_LIBRARY_PATH=/home/yeonsoo/workspace/go_ws/install/champ_base/lib:/home/yeonsoo/workspace/go_ws/install/champ_msgs/lib:/usr/lib/x86_64-linux-gnu/gazebo-11/plugins:/opt/ros/humble/opt/rviz_ogre_vendor/lib:/opt/ros/humble/lib/x86_64-linux-gnu:/opt/ros/humble/lib:/usr/local/cuda/lib64 PATH=/home/yeonsoo/workspace/go_ws/install/champ_base/bin:/home/yeonsoo/workspace/go_ws/install/champ_gazebo/bin:/opt/ros/humble/bin:/usr/local/cuda/bin:/home/yeonsoo/.local/bin:/usr/local/sbin:/usr/local/bin:/usr/sbin:/usr/bin:/sbin:/bin:/usr/games:/usr/local/games:/snap/bin:/snap/bin /usr/bin/cmake --build /home/yeonsoo/workspace/go_ws/build/champ_bringup -- -j32 -l32
[0.530s] Invoking command in '/home/yeonsoo/workspace/go_ws/build/champ_bringup': CMAKE_PREFIX_PATH=/home/yeonsoo/workspace/go_ws/install/champ_base:/home/yeonsoo/workspace/go_ws/install/champ_msgs:/home/yeonsoo/workspace/go_ws/install/champ_description:/home/yeonsoo/workspace/go_ws/install/champ:/home/yeonsoo/workspace/go_ws/install/go2_description:/home/yeonsoo/workspace/go_ws/install/go2_config:/home/yeonsoo/workspace/go_ws/install/champ_teleop:/home/yeonsoo/workspace/go_ws/install/champ_navigation:/home/yeonsoo/workspace/go_ws/install/champ_gazebo:/home/yeonsoo/workspace/go_ws/install/champ_bringup:/home/yeonsoo/workspace/go_ws/install/champ_config:/opt/ros/humble LD_LIBRARY_PATH=/home/yeonsoo/workspace/go_ws/install/champ_base/lib:/home/yeonsoo/workspace/go_ws/install/champ_msgs/lib:/usr/lib/x86_64-linux-gnu/gazebo-11/plugins:/opt/ros/humble/opt/rviz_ogre_vendor/lib:/opt/ros/humble/lib/x86_64-linux-gnu:/opt/ros/humble/lib:/usr/local/cuda/lib64 PATH=/home/yeonsoo/workspace/go_ws/install/champ_base/bin:/home/yeonsoo/workspace/go_ws/install/champ_gazebo/bin:/opt/ros/humble/bin:/usr/local/cuda/bin:/home/yeonsoo/.local/bin:/usr/local/sbin:/usr/local/bin:/usr/sbin:/usr/bin:/sbin:/bin:/usr/games:/usr/local/games:/snap/bin:/snap/bin /usr/bin/cmake --install /home/yeonsoo/workspace/go_ws/build/champ_bringup
[0.533s] -- Install configuration: ""
[0.533s] -- Execute custom install script
[0.534s] -- Symlinking: /home/yeonsoo/workspace/go_ws/install/champ_bringup/share/champ_bringup/launch/bringup.launch
[0.539s] -- Symlinking: /home/yeonsoo/workspace/go_ws/install/champ_bringup/share/champ_bringup/launch/bringup.launch.py
[0.544s] -- Symlinking: /home/yeonsoo/workspace/go_ws/install/champ_bringup/share/champ_bringup/launch/include/laser/d435.launch
[0.548s] -- Symlinking: /home/yeonsoo/workspace/go_ws/install/champ_bringup/share/champ_bringup/launch/include/laser/hokuyo.launch
[0.551s] -- Symlinking: /home/yeonsoo/workspace/go_ws/install/champ_bringup/share/champ_bringup/launch/include/laser/kinect.launch
[0.557s] -- Symlinking: /home/yeonsoo/workspace/go_ws/install/champ_bringup/share/champ_bringup/launch/include/laser/lms1xx.launch
[0.561s] -- Symlinking: /home/yeonsoo/workspace/go_ws/install/champ_bringup/share/champ_bringup/launch/include/laser/realsense.launch
[0.565s] -- Symlinking: /home/yeonsoo/workspace/go_ws/install/champ_bringup/share/champ_bringup/launch/include/laser/rplidar.launch
[0.570s] -- Symlinking: /home/yeonsoo/workspace/go_ws/install/champ_bringup/share/champ_bringup/launch/include/laser/sim.launch
[0.575s] -- Symlinking: /home/yeonsoo/workspace/go_ws/install/champ_bringup/share/champ_bringup/launch/include/laser/sweep.launch
[0.579s] -- Symlinking: /home/yeonsoo/workspace/go_ws/install/champ_bringup/share/champ_bringup/launch/include/laser/xv11.launch
[0.583s] -- Symlinking: /home/yeonsoo/workspace/go_ws/install/champ_bringup/share/champ_bringup/launch/include/laser/ydlidar.launch
[0.587s] -- Symlinking: /home/yeonsoo/workspace/go_ws/install/champ_bringup/share/champ_bringup/launch/include/velocity_smoother.launch
[0.591s] -- Symlinking: /home/yeonsoo/workspace/go_ws/install/champ_bringup/share/champ_bringup/launch/joints_gui.launch
[0.595s] -- Symlinking: /home/yeonsoo/workspace/go_ws/install/champ_bringup/share/champ_bringup/launch/joints_gui.launch.py
[0.600s] -- Symlinking: /home/yeonsoo/workspace/go_ws/install/champ_bringup/share/champ_bringup/environment/pythonpath.sh
[0.604s] -- Symlinking: /home/yeonsoo/workspace/go_ws/install/champ_bringup/share/champ_bringup/environment/pythonpath.dsv
[0.609s] -- Symlinking: /home/yeonsoo/workspace/go_ws/install/champ_bringup/local/lib/python3.10/dist-packages/champ_bringup-0.1.0-py3.10.egg-info/PKG-INFO
[0.612s] -- Symlinking: /home/yeonsoo/workspace/go_ws/install/champ_bringup/local/lib/python3.10/dist-packages/champ_bringup-0.1.0-py3.10.egg-info/SOURCES.txt
[0.617s] -- Symlinking: /home/yeonsoo/workspace/go_ws/install/champ_bringup/local/lib/python3.10/dist-packages/champ_bringup-0.1.0-py3.10.egg-info/dependency_links.txt
[0.622s] -- Symlinking: /home/yeonsoo/workspace/go_ws/install/champ_bringup/local/lib/python3.10/dist-packages/champ_bringup-0.1.0-py3.10.egg-info/top_level.txt
[0.626s] -- Symlinking: /home/yeonsoo/workspace/go_ws/install/champ_bringup/local/lib/python3.10/dist-packages/champ_bringup/__init__.py
[0.630s] -- Symlinking: /home/yeonsoo/workspace/go_ws/install/champ_bringup/local/lib/python3.10/dist-packages/champ_bringup/joint_calibrator_relay.py
[0.633s] -- Symlinking: /home/yeonsoo/workspace/go_ws/install/champ_bringup/lib/champ_bringup/joint_calibrator_relay.py
[0.637s] -- Symlinking: /home/yeonsoo/workspace/go_ws/install/champ_bringup/share/ament_index/resource_index/package_run_dependencies/champ_bringup
[0.642s] -- Symlinking: /home/yeonsoo/workspace/go_ws/install/champ_bringup/share/ament_index/resource_index/parent_prefix_path/champ_bringup
[0.645s] -- Symlinking: /home/yeonsoo/workspace/go_ws/install/champ_bringup/share/champ_bringup/environment/ament_prefix_path.sh
[0.650s] -- Symlinking: /home/yeonsoo/workspace/go_ws/install/champ_bringup/share/champ_bringup/environment/ament_prefix_path.dsv
[0.653s] -- Symlinking: /home/yeonsoo/workspace/go_ws/install/champ_bringup/share/champ_bringup/environment/path.sh
[0.658s] -- Symlinking: /home/yeonsoo/workspace/go_ws/install/champ_bringup/share/champ_bringup/environment/path.dsv
[0.662s] -- Symlinking: /home/yeonsoo/workspace/go_ws/install/champ_bringup/share/champ_bringup/local_setup.bash
[0.666s] -- Symlinking: /home/yeonsoo/workspace/go_ws/install/champ_bringup/share/champ_bringup/local_setup.sh
[0.670s] -- Symlinking: /home/yeonsoo/workspace/go_ws/install/champ_bringup/share/champ_bringup/local_setup.zsh
[0.674s] -- Symlinking: /home/yeonsoo/workspace/go_ws/install/champ_bringup/share/champ_bringup/local_setup.dsv
[0.679s] -- Symlinking: /home/yeonsoo/workspace/go_ws/install/champ_bringup/share/champ_bringup/package.dsv
[0.684s] -- Symlinking: /home/yeonsoo/workspace/go_ws/install/champ_bringup/share/ament_index/resource_index/packages/champ_bringup
[0.687s] -- Symlinking: /home/yeonsoo/workspace/go_ws/install/champ_bringup/share/champ_bringup/cmake/champ_bringupConfig.cmake
[0.692s] -- Symlinking: /home/yeonsoo/workspace/go_ws/install/champ_bringup/share/champ_bringup/cmake/champ_bringupConfig-version.cmake
[0.695s] -- Symlinking: /home/yeonsoo/workspace/go_ws/install/champ_bringup/share/champ_bringup/package.xml
[0.714s] Listing '/home/yeonsoo/workspace/go_ws/install/champ_bringup/local/lib/python3.10/dist-packages/champ_bringup'...
[0.714s] Compiling '/home/yeonsoo/workspace/go_ws/install/champ_bringup/local/lib/python3.10/dist-packages/champ_bringup/__init__.py'...
[0.714s] Compiling '/home/yeonsoo/workspace/go_ws/install/champ_bringup/local/lib/python3.10/dist-packages/champ_bringup/joint_calibrator_relay.py'...
[0.716s] Invoked command in '/home/yeonsoo/workspace/go_ws/build/champ_bringup' returned '0': CMAKE_PREFIX_PATH=/home/yeonsoo/workspace/go_ws/install/champ_base:/home/yeonsoo/workspace/go_ws/install/champ_msgs:/home/yeonsoo/workspace/go_ws/install/champ_description:/home/yeonsoo/workspace/go_ws/install/champ:/home/yeonsoo/workspace/go_ws/install/go2_description:/home/yeonsoo/workspace/go_ws/install/go2_config:/home/yeonsoo/workspace/go_ws/install/champ_teleop:/home/yeonsoo/workspace/go_ws/install/champ_navigation:/home/yeonsoo/workspace/go_ws/install/champ_gazebo:/home/yeonsoo/workspace/go_ws/install/champ_bringup:/home/yeonsoo/workspace/go_ws/install/champ_config:/opt/ros/humble LD_LIBRARY_PATH=/home/yeonsoo/workspace/go_ws/install/champ_base/lib:/home/yeonsoo/workspace/go_ws/install/champ_msgs/lib:/usr/lib/x86_64-linux-gnu/gazebo-11/plugins:/opt/ros/humble/opt/rviz_ogre_vendor/lib:/opt/ros/humble/lib/x86_64-linux-gnu:/opt/ros/humble/lib:/usr/local/cuda/lib64 PATH=/home/yeonsoo/workspace/go_ws/install/champ_base/bin:/home/yeonsoo/workspace/go_ws/install/champ_gazebo/bin:/opt/ros/humble/bin:/usr/local/cuda/bin:/home/yeonsoo/.local/bin:/usr/local/sbin:/usr/local/bin:/usr/sbin:/usr/bin:/sbin:/bin:/usr/games:/usr/local/games:/snap/bin:/snap/bin /usr/bin/cmake --install /home/yeonsoo/workspace/go_ws/build/champ_bringup
