[0.016s] Invoking command in '/home/yeonsoo/workspace/go_ws/build/champ': CMAKE_PREFIX_PATH=${CMAKE_PREFIX_PATH}:/opt/ros/humble /usr/bin/cmake /home/yeonsoo/workspace/go_ws/src/unitree-go2-ros2/champ/champ -DAMENT_CMAKE_SYMLINK_INSTALL=1 -DCMAKE_INSTALL_PREFIX=/home/yeonsoo/workspace/go_ws/install/champ
[0.092s] -- The C compiler identification is GNU 11.4.0
[0.135s] -- The CXX compiler identification is GNU 11.4.0
[0.139s] -- Detecting C compiler ABI info
[0.175s] -- Detecting C compiler ABI info - done
[0.179s] -- Check for working C compiler: /usr/bin/cc - skipped
[0.179s] -- Detecting C compile features
[0.180s] -- Detecting C compile features - done
[0.181s] -- Detecting CXX compiler ABI info
[0.228s] -- Detecting CXX compiler ABI info - done
[0.231s] -- Check for working CXX compiler: /usr/bin/c++ - skipped
[0.231s] -- Detecting CXX compile features
[0.232s] -- Detecting CXX compile features - done
[0.232s] -- Found ament_cmake: 1.3.11 (/opt/ros/humble/share/ament_cmake/cmake)
[0.328s] -- Found Python3: /usr/bin/python3 (found version "3.10.12") found components: Interpreter 
[0.357s] -- Override CMake install command with custom implementation using symlinks instead of copying resources
[0.376s] -- Found rclcpp: 16.0.11 (/opt/ros/humble/share/rclcpp/cmake)
[0.401s] -- Found rosidl_generator_c: 3.1.6 (/opt/ros/humble/share/rosidl_generator_c/cmake)
[0.403s] -- Found rosidl_adapter: 3.1.6 (/opt/ros/humble/share/rosidl_adapter/cmake)
[0.407s] -- Found rosidl_generator_cpp: 3.1.6 (/opt/ros/humble/share/rosidl_generator_cpp/cmake)
[0.412s] -- Using all available rosidl_typesupport_c: rosidl_typesupport_fastrtps_c;rosidl_typesupport_introspection_c
[0.420s] -- Using all available rosidl_typesupport_cpp: rosidl_typesupport_fastrtps_cpp;rosidl_typesupport_introspection_cpp
[0.440s] -- Found rmw_implementation_cmake: 6.1.2 (/opt/ros/humble/share/rmw_implementation_cmake/cmake)
[0.441s] -- Found rmw_fastrtps_cpp: 6.2.7 (/opt/ros/humble/share/rmw_fastrtps_cpp/cmake)
[0.488s] -- Found OpenSSL: /usr/lib/x86_64-linux-gnu/libcrypto.so (found version "3.0.2")  
[0.508s] -- Found FastRTPS: /opt/ros/humble/include  
[0.532s] -- Using RMW implementation 'rmw_fastrtps_cpp' as default
[0.539s] -- Looking for pthread.h
[0.583s] -- Looking for pthread.h - found
[0.583s] -- Performing Test CMAKE_HAVE_LIBC_PTHREAD
[0.625s] -- Performing Test CMAKE_HAVE_LIBC_PTHREAD - Success
[0.626s] -- Found Threads: TRUE  
[0.649s] -- Found ament_lint_auto: 0.12.11 (/opt/ros/humble/share/ament_lint_auto/cmake)
[0.683s] -- Configuring done
[0.684s] -- Generating done
[0.685s] -- Build files have been written to: /home/yeonsoo/workspace/go_ws/build/champ
[0.689s] Invoked command in '/home/yeonsoo/workspace/go_ws/build/champ' returned '0': CMAKE_PREFIX_PATH=${CMAKE_PREFIX_PATH}:/opt/ros/humble /usr/bin/cmake /home/yeonsoo/workspace/go_ws/src/unitree-go2-ros2/champ/champ -DAMENT_CMAKE_SYMLINK_INSTALL=1 -DCMAKE_INSTALL_PREFIX=/home/yeonsoo/workspace/go_ws/install/champ
[0.690s] Invoking command in '/home/yeonsoo/workspace/go_ws/build/champ': CMAKE_PREFIX_PATH=${CMAKE_PREFIX_PATH}:/opt/ros/humble /usr/bin/cmake --build /home/yeonsoo/workspace/go_ws/build/champ -- -j32 -l32
[0.713s] Invoked command in '/home/yeonsoo/workspace/go_ws/build/champ' returned '0': CMAKE_PREFIX_PATH=${CMAKE_PREFIX_PATH}:/opt/ros/humble /usr/bin/cmake --build /home/yeonsoo/workspace/go_ws/build/champ -- -j32 -l32
[0.714s] Invoking command in '/home/yeonsoo/workspace/go_ws/build/champ': CMAKE_PREFIX_PATH=${CMAKE_PREFIX_PATH}:/opt/ros/humble /usr/bin/cmake --install /home/yeonsoo/workspace/go_ws/build/champ
[0.718s] -- Install configuration: ""
[0.719s] -- Execute custom install script
[0.719s] -- Symlinking: /home/yeonsoo/workspace/go_ws/install/champ/include/champ/LICENSE
[0.723s] -- Symlinking: /home/yeonsoo/workspace/go_ws/install/champ/include/champ/README.md
[0.727s] -- Symlinking: /home/yeonsoo/workspace/go_ws/install/champ/include/champ/bla/basic_linear_algebra.h
[0.732s] -- Symlinking: /home/yeonsoo/workspace/go_ws/install/champ/include/champ/bla/memory_delegate.h
[0.737s] -- Symlinking: /home/yeonsoo/workspace/go_ws/install/champ/include/champ/body_controller/body_controller.h
[0.741s] -- Symlinking: /home/yeonsoo/workspace/go_ws/install/champ/include/champ/geometry/geometry.h
[0.745s] -- Symlinking: /home/yeonsoo/workspace/go_ws/install/champ/include/champ/kinematics/kinematics.h
[0.750s] -- Symlinking: /home/yeonsoo/workspace/go_ws/install/champ/include/champ/leg_controller/leg_controller.h
[0.754s] -- Symlinking: /home/yeonsoo/workspace/go_ws/install/champ/include/champ/leg_controller/phase_generator.h
[0.759s] -- Symlinking: /home/yeonsoo/workspace/go_ws/install/champ/include/champ/leg_controller/trajectory_planner.h
[0.763s] -- Symlinking: /home/yeonsoo/workspace/go_ws/install/champ/include/champ/macros/macros.h
[0.767s] -- Symlinking: /home/yeonsoo/workspace/go_ws/install/champ/include/champ/odometry/odometry.h
[0.772s] -- Symlinking: /home/yeonsoo/workspace/go_ws/install/champ/include/champ/quadruped_base/quadruped_base.h
[0.776s] -- Symlinking: /home/yeonsoo/workspace/go_ws/install/champ/include/champ/quadruped_base/quadruped_components.h
[0.781s] -- Symlinking: /home/yeonsoo/workspace/go_ws/install/champ/include/champ/quadruped_base/quadruped_joint.h
[0.786s] -- Symlinking: /home/yeonsoo/workspace/go_ws/install/champ/include/champ/quadruped_base/quadruped_leg.h
[0.791s] -- Symlinking: /home/yeonsoo/workspace/go_ws/install/champ/include/champ/utils/urdf_loader.h
[0.795s] -- Symlinking: /home/yeonsoo/workspace/go_ws/install/champ/include/champ/utils/xmlrpc_helpers.h
[0.799s] -- Symlinking: /home/yeonsoo/workspace/go_ws/install/champ/share/ament_index/resource_index/package_run_dependencies/champ
[0.804s] -- Symlinking: /home/yeonsoo/workspace/go_ws/install/champ/share/ament_index/resource_index/parent_prefix_path/champ
[0.809s] -- Symlinking: /home/yeonsoo/workspace/go_ws/install/champ/share/champ/environment/ament_prefix_path.sh
[0.813s] -- Symlinking: /home/yeonsoo/workspace/go_ws/install/champ/share/champ/environment/ament_prefix_path.dsv
[0.818s] -- Symlinking: /home/yeonsoo/workspace/go_ws/install/champ/share/champ/environment/path.sh
[0.822s] -- Symlinking: /home/yeonsoo/workspace/go_ws/install/champ/share/champ/environment/path.dsv
[0.826s] -- Symlinking: /home/yeonsoo/workspace/go_ws/install/champ/share/champ/local_setup.bash
[0.831s] -- Symlinking: /home/yeonsoo/workspace/go_ws/install/champ/share/champ/local_setup.sh
[0.837s] -- Symlinking: /home/yeonsoo/workspace/go_ws/install/champ/share/champ/local_setup.zsh
[0.842s] -- Symlinking: /home/yeonsoo/workspace/go_ws/install/champ/share/champ/local_setup.dsv
[0.846s] -- Symlinking: /home/yeonsoo/workspace/go_ws/install/champ/share/champ/package.dsv
[0.851s] -- Symlinking: /home/yeonsoo/workspace/go_ws/install/champ/share/ament_index/resource_index/packages/champ
[0.856s] -- Symlinking: /home/yeonsoo/workspace/go_ws/install/champ/share/champ/cmake/ament_cmake_export_include_directories-extras.cmake
[0.861s] -- Symlinking: /home/yeonsoo/workspace/go_ws/install/champ/share/champ/cmake/champConfig.cmake
[0.865s] -- Symlinking: /home/yeonsoo/workspace/go_ws/install/champ/share/champ/cmake/champConfig-version.cmake
[0.869s] -- Symlinking: /home/yeonsoo/workspace/go_ws/install/champ/share/champ/package.xml
[0.876s] Invoked command in '/home/yeonsoo/workspace/go_ws/build/champ' returned '0': CMAKE_PREFIX_PATH=${CMAKE_PREFIX_PATH}:/opt/ros/humble /usr/bin/cmake --install /home/yeonsoo/workspace/go_ws/build/champ
