[0.015s] Invoking command in '/home/yeonsoo/workspace/go_ws/build/champ_teleop': CMAKE_PREFIX_PATH=${CMAKE_PREFIX_PATH}:/opt/ros/humble /usr/bin/cmake --build /home/yeonsoo/workspace/go_ws/build/champ_teleop -- -j32 -l32
[0.140s] Invoked command in '/home/yeonsoo/workspace/go_ws/build/champ_teleop' returned '0': CMAKE_PREFIX_PATH=${CMAKE_PREFIX_PATH}:/opt/ros/humble /usr/bin/cmake --build /home/yeonsoo/workspace/go_ws/build/champ_teleop -- -j32 -l32
[0.141s] Invoking command in '/home/yeonsoo/workspace/go_ws/build/champ_teleop': CMAKE_PREFIX_PATH=${CMAKE_PREFIX_PATH}:/opt/ros/humble /usr/bin/cmake --install /home/yeonsoo/workspace/go_ws/build/champ_teleop
[0.148s] -- Install configuration: ""
[0.148s] -- Execute custom install script
[0.148s] -- Up-to-date symlink: /home/yeonsoo/workspace/go_ws/install/champ_teleop/share/champ_teleop/launch/teleop.launch.py
[0.148s] -- Up-to-date symlink: /home/yeonsoo/workspace/go_ws/install/champ_teleop/lib/champ_teleop/champ_teleop.py
[0.148s] -- Up-to-date symlink: /home/yeonsoo/workspace/go_ws/install/champ_teleop/share/ament_index/resource_index/package_run_dependencies/champ_teleop
[0.148s] -- Up-to-date symlink: /home/yeonsoo/workspace/go_ws/install/champ_teleop/share/ament_index/resource_index/parent_prefix_path/champ_teleop
[0.148s] -- Up-to-date symlink: /home/yeonsoo/workspace/go_ws/install/champ_teleop/share/champ_teleop/environment/ament_prefix_path.sh
[0.148s] -- Up-to-date symlink: /home/yeonsoo/workspace/go_ws/install/champ_teleop/share/champ_teleop/environment/ament_prefix_path.dsv
[0.148s] -- Up-to-date symlink: /home/yeonsoo/workspace/go_ws/install/champ_teleop/share/champ_teleop/environment/path.sh
[0.148s] -- Up-to-date symlink: /home/yeonsoo/workspace/go_ws/install/champ_teleop/share/champ_teleop/environment/path.dsv
[0.148s] -- Up-to-date symlink: /home/yeonsoo/workspace/go_ws/install/champ_teleop/share/champ_teleop/local_setup.bash
[0.148s] -- Up-to-date symlink: /home/yeonsoo/workspace/go_ws/install/champ_teleop/share/champ_teleop/local_setup.sh
[0.149s] -- Up-to-date symlink: /home/yeonsoo/workspace/go_ws/install/champ_teleop/share/champ_teleop/local_setup.zsh
[0.149s] -- Up-to-date symlink: /home/yeonsoo/workspace/go_ws/install/champ_teleop/share/champ_teleop/local_setup.dsv
[0.149s] -- Symlinking: /home/yeonsoo/workspace/go_ws/install/champ_teleop/share/champ_teleop/package.dsv
[0.157s] -- Up-to-date symlink: /home/yeonsoo/workspace/go_ws/install/champ_teleop/share/ament_index/resource_index/packages/champ_teleop
[0.157s] -- Up-to-date symlink: /home/yeonsoo/workspace/go_ws/install/champ_teleop/share/champ_teleop/cmake/champ_teleopConfig.cmake
[0.157s] -- Up-to-date symlink: /home/yeonsoo/workspace/go_ws/install/champ_teleop/share/champ_teleop/cmake/champ_teleopConfig-version.cmake
[0.157s] -- Up-to-date symlink: /home/yeonsoo/workspace/go_ws/install/champ_teleop/share/champ_teleop/package.xml
[0.171s] Invoked command in '/home/yeonsoo/workspace/go_ws/build/champ_teleop' returned '0': CMAKE_PREFIX_PATH=${CMAKE_PREFIX_PATH}:/opt/ros/humble /usr/bin/cmake --install /home/yeonsoo/workspace/go_ws/build/champ_teleop
