[0.012s] Invoking command in '/home/yeonsoo/workspace/go_ws/build/champ_teleop': CMAKE_PREFIX_PATH=${CMAKE_PREFIX_PATH}:/opt/ros/humble /usr/bin/cmake /home/yeonsoo/workspace/go_ws/src/unitree-go2-ros2/champ_teleop -DAMENT_CMAKE_SYMLINK_INSTALL=1 -DCMAKE_INSTALL_PREFIX=/home/yeonsoo/workspace/go_ws/install/champ_teleop
[0.084s] -- The C compiler identification is GNU 11.4.0
[0.125s] -- The CXX compiler identification is GNU 11.4.0
[0.130s] -- Detecting C compiler ABI info
[0.173s] -- Detecting C compiler ABI info - done
[0.176s] -- Check for working C compiler: /usr/bin/cc - skipped
[0.176s] -- Detecting C compile features
[0.176s] -- Detecting C compile features - done
[0.178s] -- Detecting CXX compiler ABI info
[0.224s] -- Detecting CXX compiler ABI info - done
[0.229s] -- Check for working CXX compiler: /usr/bin/c++ - skipped
[0.229s] -- Detecting CXX compile features
[0.229s] -- Detecting CXX compile features - done
[0.230s] -- Found ament_cmake: 1.3.11 (/opt/ros/humble/share/ament_cmake/cmake)
[0.309s] -- Found Python3: /usr/bin/python3 (found version "3.10.12") found components: Interpreter 
[0.352s] -- Override CMake install command with custom implementation using symlinks instead of copying resources
[0.417s] -- Configuring done
[0.419s] -- Generating done
[0.420s] -- Build files have been written to: /home/yeonsoo/workspace/go_ws/build/champ_teleop
[0.423s] Invoked command in '/home/yeonsoo/workspace/go_ws/build/champ_teleop' returned '0': CMAKE_PREFIX_PATH=${CMAKE_PREFIX_PATH}:/opt/ros/humble /usr/bin/cmake /home/yeonsoo/workspace/go_ws/src/unitree-go2-ros2/champ_teleop -DAMENT_CMAKE_SYMLINK_INSTALL=1 -DCMAKE_INSTALL_PREFIX=/home/yeonsoo/workspace/go_ws/install/champ_teleop
[0.424s] Invoking command in '/home/yeonsoo/workspace/go_ws/build/champ_teleop': CMAKE_PREFIX_PATH=${CMAKE_PREFIX_PATH}:/opt/ros/humble /usr/bin/cmake --build /home/yeonsoo/workspace/go_ws/build/champ_teleop -- -j32 -l32
[0.448s] Invoked command in '/home/yeonsoo/workspace/go_ws/build/champ_teleop' returned '0': CMAKE_PREFIX_PATH=${CMAKE_PREFIX_PATH}:/opt/ros/humble /usr/bin/cmake --build /home/yeonsoo/workspace/go_ws/build/champ_teleop -- -j32 -l32
[0.449s] Invoking command in '/home/yeonsoo/workspace/go_ws/build/champ_teleop': CMAKE_PREFIX_PATH=${CMAKE_PREFIX_PATH}:/opt/ros/humble /usr/bin/cmake --install /home/yeonsoo/workspace/go_ws/build/champ_teleop
[0.454s] -- Install configuration: ""
[0.454s] -- Execute custom install script
[0.454s] -- Symlinking: /home/yeonsoo/workspace/go_ws/install/champ_teleop/share/champ_teleop/launch/teleop.launch.py
[0.458s] -- Symlinking: /home/yeonsoo/workspace/go_ws/install/champ_teleop/lib/champ_teleop/champ_teleop.py
[0.464s] -- Symlinking: /home/yeonsoo/workspace/go_ws/install/champ_teleop/share/ament_index/resource_index/package_run_dependencies/champ_teleop
[0.468s] -- Symlinking: /home/yeonsoo/workspace/go_ws/install/champ_teleop/share/ament_index/resource_index/parent_prefix_path/champ_teleop
[0.473s] -- Symlinking: /home/yeonsoo/workspace/go_ws/install/champ_teleop/share/champ_teleop/environment/ament_prefix_path.sh
[0.479s] -- Symlinking: /home/yeonsoo/workspace/go_ws/install/champ_teleop/share/champ_teleop/environment/ament_prefix_path.dsv
[0.484s] -- Symlinking: /home/yeonsoo/workspace/go_ws/install/champ_teleop/share/champ_teleop/environment/path.sh
[0.489s] -- Symlinking: /home/yeonsoo/workspace/go_ws/install/champ_teleop/share/champ_teleop/environment/path.dsv
[0.493s] -- Symlinking: /home/yeonsoo/workspace/go_ws/install/champ_teleop/share/champ_teleop/local_setup.bash
[0.498s] -- Symlinking: /home/yeonsoo/workspace/go_ws/install/champ_teleop/share/champ_teleop/local_setup.sh
[0.502s] -- Symlinking: /home/yeonsoo/workspace/go_ws/install/champ_teleop/share/champ_teleop/local_setup.zsh
[0.508s] -- Symlinking: /home/yeonsoo/workspace/go_ws/install/champ_teleop/share/champ_teleop/local_setup.dsv
[0.513s] -- Symlinking: /home/yeonsoo/workspace/go_ws/install/champ_teleop/share/champ_teleop/package.dsv
[0.518s] -- Symlinking: /home/yeonsoo/workspace/go_ws/install/champ_teleop/share/ament_index/resource_index/packages/champ_teleop
[0.522s] -- Symlinking: /home/yeonsoo/workspace/go_ws/install/champ_teleop/share/champ_teleop/cmake/champ_teleopConfig.cmake
[0.526s] -- Symlinking: /home/yeonsoo/workspace/go_ws/install/champ_teleop/share/champ_teleop/cmake/champ_teleopConfig-version.cmake
[0.529s] -- Symlinking: /home/yeonsoo/workspace/go_ws/install/champ_teleop/share/champ_teleop/package.xml
[0.536s] Invoked command in '/home/yeonsoo/workspace/go_ws/build/champ_teleop' returned '0': CMAKE_PREFIX_PATH=${CMAKE_PREFIX_PATH}:/opt/ros/humble /usr/bin/cmake --install /home/yeonsoo/workspace/go_ws/build/champ_teleop
