[0.013s] Invoking command in '/home/yeonsoo/workspace/go_ws/build/champ_navigation': CMAKE_PREFIX_PATH=${CMAKE_PREFIX_PATH}:/opt/ros/humble /usr/bin/cmake /home/yeonsoo/workspace/go_ws/src/unitree-go2-ros2/champ/champ_navigation -DAMENT_CMAKE_SYMLINK_INSTALL=1 -DCMAKE_INSTALL_PREFIX=/home/yeonsoo/workspace/go_ws/install/champ_navigation
[0.082s] -- The C compiler identification is GNU 11.4.0
[0.127s] -- The CXX compiler identification is GNU 11.4.0
[0.130s] -- Detecting C compiler ABI info
[0.170s] -- Detecting C compiler ABI info - done
[0.174s] -- Check for working C compiler: /usr/bin/cc - skipped
[0.174s] -- Detecting C compile features
[0.174s] -- Detecting C compile features - done
[0.175s] -- Detecting CXX compiler ABI info
[0.220s] -- Detecting CXX compiler ABI info - done
[0.224s] -- Check for working CXX compiler: /usr/bin/c++ - skipped
[0.224s] -- Detecting CXX compile features
[0.224s] -- Detecting CXX compile features - done
[0.225s] -- Found ament_cmake: 1.3.11 (/opt/ros/humble/share/ament_cmake/cmake)
[0.302s] -- Found Python3: /usr/bin/python3 (found version "3.10.12") found components: Interpreter 
[0.330s] -- Override CMake install command with custom implementation using symlinks instead of copying resources
[0.377s] -- Configuring done
[0.378s] -- Generating done
[0.378s] -- Build files have been written to: /home/yeonsoo/workspace/go_ws/build/champ_navigation
[0.383s] Invoked command in '/home/yeonsoo/workspace/go_ws/build/champ_navigation' returned '0': CMAKE_PREFIX_PATH=${CMAKE_PREFIX_PATH}:/opt/ros/humble /usr/bin/cmake /home/yeonsoo/workspace/go_ws/src/unitree-go2-ros2/champ/champ_navigation -DAMENT_CMAKE_SYMLINK_INSTALL=1 -DCMAKE_INSTALL_PREFIX=/home/yeonsoo/workspace/go_ws/install/champ_navigation
[0.383s] Invoking command in '/home/yeonsoo/workspace/go_ws/build/champ_navigation': CMAKE_PREFIX_PATH=${CMAKE_PREFIX_PATH}:/opt/ros/humble /usr/bin/cmake --build /home/yeonsoo/workspace/go_ws/build/champ_navigation -- -j32 -l32
[0.413s] Invoked command in '/home/yeonsoo/workspace/go_ws/build/champ_navigation' returned '0': CMAKE_PREFIX_PATH=${CMAKE_PREFIX_PATH}:/opt/ros/humble /usr/bin/cmake --build /home/yeonsoo/workspace/go_ws/build/champ_navigation -- -j32 -l32
[0.414s] Invoking command in '/home/yeonsoo/workspace/go_ws/build/champ_navigation': CMAKE_PREFIX_PATH=${CMAKE_PREFIX_PATH}:/opt/ros/humble /usr/bin/cmake --install /home/yeonsoo/workspace/go_ws/build/champ_navigation
[0.419s] -- Install configuration: ""
[0.420s] -- Execute custom install script
[0.420s] -- Symlinking: /home/yeonsoo/workspace/go_ws/install/champ_navigation/share/champ_navigation/launch/navigate.launch.py
[0.423s] -- Symlinking: /home/yeonsoo/workspace/go_ws/install/champ_navigation/share/champ_navigation/launch/slam.launch.py
[0.429s] -- Symlinking: /home/yeonsoo/workspace/go_ws/install/champ_navigation/share/champ_navigation/rviz/navigation.rviz
[0.435s] -- Symlinking: /home/yeonsoo/workspace/go_ws/install/champ_navigation/share/champ_navigation/rviz/navigation_minimal.rviz
[0.440s] -- Symlinking: /home/yeonsoo/workspace/go_ws/install/champ_navigation/share/champ_navigation/rviz/slam.rviz
[0.446s] -- Symlinking: /home/yeonsoo/workspace/go_ws/install/champ_navigation/share/ament_index/resource_index/package_run_dependencies/champ_navigation
[0.451s] -- Symlinking: /home/yeonsoo/workspace/go_ws/install/champ_navigation/share/ament_index/resource_index/parent_prefix_path/champ_navigation
[0.456s] -- Symlinking: /home/yeonsoo/workspace/go_ws/install/champ_navigation/share/champ_navigation/environment/ament_prefix_path.sh
[0.460s] -- Symlinking: /home/yeonsoo/workspace/go_ws/install/champ_navigation/share/champ_navigation/environment/ament_prefix_path.dsv
[0.466s] -- Symlinking: /home/yeonsoo/workspace/go_ws/install/champ_navigation/share/champ_navigation/environment/path.sh
[0.471s] -- Symlinking: /home/yeonsoo/workspace/go_ws/install/champ_navigation/share/champ_navigation/environment/path.dsv
[0.477s] -- Symlinking: /home/yeonsoo/workspace/go_ws/install/champ_navigation/share/champ_navigation/local_setup.bash
[0.482s] -- Symlinking: /home/yeonsoo/workspace/go_ws/install/champ_navigation/share/champ_navigation/local_setup.sh
[0.487s] -- Symlinking: /home/yeonsoo/workspace/go_ws/install/champ_navigation/share/champ_navigation/local_setup.zsh
[0.492s] -- Symlinking: /home/yeonsoo/workspace/go_ws/install/champ_navigation/share/champ_navigation/local_setup.dsv
[0.498s] -- Symlinking: /home/yeonsoo/workspace/go_ws/install/champ_navigation/share/champ_navigation/package.dsv
[0.502s] -- Symlinking: /home/yeonsoo/workspace/go_ws/install/champ_navigation/share/ament_index/resource_index/packages/champ_navigation
[0.507s] -- Symlinking: /home/yeonsoo/workspace/go_ws/install/champ_navigation/share/champ_navigation/cmake/champ_navigationConfig.cmake
[0.512s] -- Symlinking: /home/yeonsoo/workspace/go_ws/install/champ_navigation/share/champ_navigation/cmake/champ_navigationConfig-version.cmake
[0.516s] -- Symlinking: /home/yeonsoo/workspace/go_ws/install/champ_navigation/share/champ_navigation/package.xml
[0.522s] Invoked command in '/home/yeonsoo/workspace/go_ws/build/champ_navigation' returned '0': CMAKE_PREFIX_PATH=${CMAKE_PREFIX_PATH}:/opt/ros/humble /usr/bin/cmake --install /home/yeonsoo/workspace/go_ws/build/champ_navigation
