[0.006s] Invoking command in '/home/yeonsoo/workspace/go_ws/build/champ_gazebo': CMAKE_PREFIX_PATH=/home/yeonsoo/workspace/go_ws/install/champ_msgs:/home/yeonsoo/workspace/go_ws/install/champ:/home/yeonsoo/workspace/go_ws/install/go2_description:/home/yeonsoo/workspace/go_ws/install/go2_config:/home/yeonsoo/workspace/go_ws/install/champ_teleop:/home/yeonsoo/workspace/go_ws/install/champ_navigation:/home/yeonsoo/workspace/go_ws/install/champ_gazebo:/home/yeonsoo/workspace/go_ws/install/champ_bringup:/home/yeonsoo/workspace/go_ws/install/champ_base:/home/yeonsoo/workspace/go_ws/install/champ_description:/home/yeonsoo/workspace/go_ws/install/champ_config:/opt/ros/humble LD_LIBRARY_PATH=/home/yeonsoo/workspace/go_ws/install/champ_msgs/lib:/home/yeonsoo/workspace/go_ws/install/champ_base/lib:/usr/lib/x86_64-linux-gnu/gazebo-11/plugins:/opt/ros/humble/opt/rviz_ogre_vendor/lib:/opt/ros/humble/lib/x86_64-linux-gnu:/opt/ros/humble/lib:/usr/local/cuda/lib64 /usr/bin/cmake /home/yeonsoo/workspace/go_ws/src/unitree-go2-ros2/champ/champ_gazebo -DAMENT_CMAKE_SYMLINK_INSTALL=1 -DCMAKE_INSTALL_PREFIX=/home/yeonsoo/workspace/go_ws/install/champ_gazebo
[0.038s] -- The C compiler identification is GNU 11.4.0
[0.066s] -- The CXX compiler identification is GNU 11.4.0
[0.069s] -- Detecting C compiler ABI info
[0.106s] -- Detecting C compiler ABI info - done
[0.109s] -- Check for working C compiler: /usr/bin/cc - skipped
[0.109s] -- Detecting C compile features
[0.110s] -- Detecting C compile features - done
[0.111s] -- Detecting CXX compiler ABI info
[0.152s] -- Detecting CXX compiler ABI info - done
[0.155s] -- Check for working CXX compiler: /usr/bin/c++ - skipped
[0.156s] -- Detecting CXX compile features
[0.156s] -- Detecting CXX compile features - done
[0.157s] -- Found ament_cmake: 1.3.11 (/opt/ros/humble/share/ament_cmake/cmake)
[0.236s] -- Found Python3: /usr/bin/python3 (found version "3.10.12") found components: Interpreter 
[0.262s] -- Override CMake install command with custom implementation using symlinks instead of copying resources
[0.276s] -- Found rclcpp: 16.0.11 (/opt/ros/humble/share/rclcpp/cmake)
[0.296s] -- Found rosidl_generator_c: 3.1.6 (/opt/ros/humble/share/rosidl_generator_c/cmake)
[0.298s] -- Found rosidl_adapter: 3.1.6 (/opt/ros/humble/share/rosidl_adapter/cmake)
[0.302s] -- Found rosidl_generator_cpp: 3.1.6 (/opt/ros/humble/share/rosidl_generator_cpp/cmake)
[0.307s] -- Using all available rosidl_typesupport_c: rosidl_typesupport_fastrtps_c;rosidl_typesupport_introspection_c
[0.315s] -- Using all available rosidl_typesupport_cpp: rosidl_typesupport_fastrtps_cpp;rosidl_typesupport_introspection_cpp
[0.335s] -- Found rmw_implementation_cmake: 6.1.2 (/opt/ros/humble/share/rmw_implementation_cmake/cmake)
[0.337s] -- Found rmw_fastrtps_cpp: 6.2.7 (/opt/ros/humble/share/rmw_fastrtps_cpp/cmake)
[0.383s] -- Found OpenSSL: /usr/lib/x86_64-linux-gnu/libcrypto.so (found version "3.0.2")  
[0.398s] -- Found FastRTPS: /opt/ros/humble/include  
[0.416s] -- Using RMW implementation 'rmw_fastrtps_cpp' as default
[0.420s] -- Looking for pthread.h
[0.463s] -- Looking for pthread.h - found
[0.463s] -- Performing Test CMAKE_HAVE_LIBC_PTHREAD
[0.502s] -- Performing Test CMAKE_HAVE_LIBC_PTHREAD - Success
[0.502s] -- Found Threads: TRUE  
[0.526s] -- Found urdf: 2.6.1 (/opt/ros/humble/share/urdf/cmake)
[0.542s] -- Found champ: 0.1.0 (/home/yeonsoo/workspace/go_ws/install/champ/share/champ/cmake)
[0.542s] -- Found champ_msgs: 0.1.0 (/home/yeonsoo/workspace/go_ws/install/champ_msgs/share/champ_msgs/cmake)
[0.555s] -- Found gazebo_ros2_control: 0.4.10 (/opt/ros/humble/share/gazebo_ros2_control/cmake)
[0.634s] -- Found PkgConfig: /usr/bin/pkg-config (found version "0.29.2") 
[0.635s] -- Checking for module 'bullet>=2.82'
[0.643s] --   Found bullet, version 3.05
[0.705s] -- Found fcl: /usr/include (found suitable version "0.7.0", minimum required is "0.5.0") 
[0.735s] -- Found assimp: /usr/include (found version "5.2.0") 
[0.751s] -- Found DART: /usr/include (Required is at least version "6.6") found components: dart 
[0.764s] -- Found Boost: /usr/lib/x86_64-linux-gnu/cmake/Boost-1.74.0/BoostConfig.cmake (found suitable version "1.74.0", minimum required is "1.40.0") found components: thread system filesystem program_options regex iostreams date_time 
[0.771s] -- Found Protobuf: /usr/lib/x86_64-linux-gnu/libprotobuf.so (found version "3.12.4") 
[0.774s] -- Looking for ignition-math6 -- found version 6.15.1
[0.777s] -- Searching for dependencies of ignition-math6
[0.778s] -- Looking for OGRE...
[0.778s] -- OGRE_PREFIX_WATCH changed.
[0.781s] -- Checking for module 'OGRE'
[0.789s] --   Found OGRE, version 1.9.0
[0.811s] -- Found Ogre Ghadamon (1.9.0)
[0.815s] -- Found OGRE: optimized;/usr/lib/x86_64-linux-gnu/libOgreMain.so;debug;/usr/lib/x86_64-linux-gnu/libOgreMain.so
[0.820s] -- Looking for OGRE_Paging...
[0.822s] -- Found OGRE_Paging: optimized;/usr/lib/x86_64-linux-gnu/libOgrePaging.so;debug;/usr/lib/x86_64-linux-gnu/libOgrePaging.so
[0.822s] -- Looking for OGRE_Terrain...
[0.824s] -- Found OGRE_Terrain: optimized;/usr/lib/x86_64-linux-gnu/libOgreTerrain.so;debug;/usr/lib/x86_64-linux-gnu/libOgreTerrain.so
[0.824s] -- Looking for OGRE_Property...
[0.827s] -- Found OGRE_Property: optimized;/usr/lib/x86_64-linux-gnu/libOgreProperty.so;debug;/usr/lib/x86_64-linux-gnu/libOgreProperty.so
[0.827s] -- Looking for OGRE_RTShaderSystem...
[0.829s] -- Found OGRE_RTShaderSystem: optimized;/usr/lib/x86_64-linux-gnu/libOgreRTShaderSystem.so;debug;/usr/lib/x86_64-linux-gnu/libOgreRTShaderSystem.so
[0.829s] -- Looking for OGRE_Volume...
[0.832s] -- Found OGRE_Volume: optimized;/usr/lib/x86_64-linux-gnu/libOgreVolume.so;debug;/usr/lib/x86_64-linux-gnu/libOgreVolume.so
[0.832s] -- Looking for OGRE_Overlay...
[0.834s] -- Found OGRE_Overlay: optimized;/usr/lib/x86_64-linux-gnu/libOgreOverlay.so;debug;/usr/lib/x86_64-linux-gnu/libOgreOverlay.so
[0.886s] -- Looking for ignition-math6 -- found version 6.15.1
[0.887s] -- Looking for ignition-transport8 -- found version 8.2.1
[0.887s] -- Searching for dependencies of ignition-transport8
[0.896s] -- Found Protobuf: /usr/lib/x86_64-linux-gnu/libprotobuf.so (found suitable version "3.12.4", minimum required is "3") 
[0.904s] -- Config-file not installed for ZeroMQ -- checking for pkg-config
[0.907s] -- Checking for module 'libzmq >= 4'
[0.915s] --   Found libzmq , version 4.3.4
[0.938s] -- Found ZeroMQ: TRUE (Required is at least version "4") 
[0.942s] -- Checking for module 'uuid'
[0.950s] --   Found uuid, version 2.37.2
[0.971s] -- Found UUID: TRUE  
[0.972s] -- Looking for ignition-msgs5 -- found version 5.8.1
[0.972s] -- Searching for dependencies of ignition-msgs5
[0.982s] -- Looking for ignition-math6 -- found version 6.15.1
[0.986s] -- Checking for module 'tinyxml2'
[0.995s] --   Found tinyxml2, version 9.0.0
[1.016s] -- Looking for ignition-msgs5 -- found version 5.8.1
[1.018s] -- Looking for ignition-common3 -- found version 3.14.0
[1.018s] -- Searching for dependencies of ignition-common3
[1.018s] -- Looking for dlfcn.h - found
[1.019s] -- Looking for libdl - found
[1.019s] -- Found DL: TRUE  
[1.028s] -- Found tinyobjloader: /usr/lib/x86_64-linux-gnu/cmake/tinyobjloader/tinyobjloader-config.cmake (found version "2.0.0") 
[1.028s] -- Searching for <ignition-common3> component [graphics]
[1.029s] -- Looking for ignition-common3-graphics -- found version 3.14.0
[1.030s] -- Searching for dependencies of ignition-common3-graphics
[1.030s] -- Looking for ignition-math6 -- found version 6.15.1
[1.031s] -- Looking for ignition-fuel_tools4 -- found version 4.4.0
[1.031s] -- Searching for dependencies of ignition-fuel_tools4
[1.079s] -- Found CURL: /usr/lib/x86_64-linux-gnu/libcurl.so (found version "7.81.0")  
[1.086s] -- Checking for module 'jsoncpp'
[1.093s] --   Found jsoncpp, version 1.9.5
[1.114s] -- Found JSONCPP: TRUE  
[1.117s] -- Checking for module 'libzip'
[1.125s] --   Found libzip, version 1.7.3
[1.146s] -- Found ZIP: TRUE  
[1.146s] -- Looking for ignition-common3 -- found version 3.14.0
[1.147s] -- Looking for ignition-math6 -- found version 6.15.1
[1.147s] -- Looking for ignition-msgs5 -- found version 5.8.1
[1.150s] -- Gazebo version: 11.10
[1.150s] -- Checking for module 'tbb'
[1.159s] --   Found tbb, version 2021.5.0
[1.235s] -- Configuring done
[1.254s] -- Generating done
[1.257s] -- Build files have been written to: /home/yeonsoo/workspace/go_ws/build/champ_gazebo
[1.265s] Invoked command in '/home/yeonsoo/workspace/go_ws/build/champ_gazebo' returned '0': CMAKE_PREFIX_PATH=/home/yeonsoo/workspace/go_ws/install/champ_msgs:/home/yeonsoo/workspace/go_ws/install/champ:/home/yeonsoo/workspace/go_ws/install/go2_description:/home/yeonsoo/workspace/go_ws/install/go2_config:/home/yeonsoo/workspace/go_ws/install/champ_teleop:/home/yeonsoo/workspace/go_ws/install/champ_navigation:/home/yeonsoo/workspace/go_ws/install/champ_gazebo:/home/yeonsoo/workspace/go_ws/install/champ_bringup:/home/yeonsoo/workspace/go_ws/install/champ_base:/home/yeonsoo/workspace/go_ws/install/champ_description:/home/yeonsoo/workspace/go_ws/install/champ_config:/opt/ros/humble LD_LIBRARY_PATH=/home/yeonsoo/workspace/go_ws/install/champ_msgs/lib:/home/yeonsoo/workspace/go_ws/install/champ_base/lib:/usr/lib/x86_64-linux-gnu/gazebo-11/plugins:/opt/ros/humble/opt/rviz_ogre_vendor/lib:/opt/ros/humble/lib/x86_64-linux-gnu:/opt/ros/humble/lib:/usr/local/cuda/lib64 /usr/bin/cmake /home/yeonsoo/workspace/go_ws/src/unitree-go2-ros2/champ/champ_gazebo -DAMENT_CMAKE_SYMLINK_INSTALL=1 -DCMAKE_INSTALL_PREFIX=/home/yeonsoo/workspace/go_ws/install/champ_gazebo
[1.266s] Invoking command in '/home/yeonsoo/workspace/go_ws/build/champ_gazebo': CMAKE_PREFIX_PATH=/home/yeonsoo/workspace/go_ws/install/champ_msgs:/home/yeonsoo/workspace/go_ws/install/champ:/home/yeonsoo/workspace/go_ws/install/go2_description:/home/yeonsoo/workspace/go_ws/install/go2_config:/home/yeonsoo/workspace/go_ws/install/champ_teleop:/home/yeonsoo/workspace/go_ws/install/champ_navigation:/home/yeonsoo/workspace/go_ws/install/champ_gazebo:/home/yeonsoo/workspace/go_ws/install/champ_bringup:/home/yeonsoo/workspace/go_ws/install/champ_base:/home/yeonsoo/workspace/go_ws/install/champ_description:/home/yeonsoo/workspace/go_ws/install/champ_config:/opt/ros/humble LD_LIBRARY_PATH=/home/yeonsoo/workspace/go_ws/install/champ_msgs/lib:/home/yeonsoo/workspace/go_ws/install/champ_base/lib:/usr/lib/x86_64-linux-gnu/gazebo-11/plugins:/opt/ros/humble/opt/rviz_ogre_vendor/lib:/opt/ros/humble/lib/x86_64-linux-gnu:/opt/ros/humble/lib:/usr/local/cuda/lib64 /usr/bin/cmake --build /home/yeonsoo/workspace/go_ws/build/champ_gazebo -- -j32 -l32
[1.301s] [ 50%] [32mBuilding CXX object CMakeFiles/contact_sensor.dir/src/contact_sensor.cpp.o[0m
[8.870s] [100%] [32m[1mLinking CXX executable contact_sensor[0m
[9.585s] [100%] Built target contact_sensor
[9.591s] Invoked command in '/home/yeonsoo/workspace/go_ws/build/champ_gazebo' returned '0': CMAKE_PREFIX_PATH=/home/yeonsoo/workspace/go_ws/install/champ_msgs:/home/yeonsoo/workspace/go_ws/install/champ:/home/yeonsoo/workspace/go_ws/install/go2_description:/home/yeonsoo/workspace/go_ws/install/go2_config:/home/yeonsoo/workspace/go_ws/install/champ_teleop:/home/yeonsoo/workspace/go_ws/install/champ_navigation:/home/yeonsoo/workspace/go_ws/install/champ_gazebo:/home/yeonsoo/workspace/go_ws/install/champ_bringup:/home/yeonsoo/workspace/go_ws/install/champ_base:/home/yeonsoo/workspace/go_ws/install/champ_description:/home/yeonsoo/workspace/go_ws/install/champ_config:/opt/ros/humble LD_LIBRARY_PATH=/home/yeonsoo/workspace/go_ws/install/champ_msgs/lib:/home/yeonsoo/workspace/go_ws/install/champ_base/lib:/usr/lib/x86_64-linux-gnu/gazebo-11/plugins:/opt/ros/humble/opt/rviz_ogre_vendor/lib:/opt/ros/humble/lib/x86_64-linux-gnu:/opt/ros/humble/lib:/usr/local/cuda/lib64 /usr/bin/cmake --build /home/yeonsoo/workspace/go_ws/build/champ_gazebo -- -j32 -l32
[9.592s] Invoking command in '/home/yeonsoo/workspace/go_ws/build/champ_gazebo': CMAKE_PREFIX_PATH=/home/yeonsoo/workspace/go_ws/install/champ_msgs:/home/yeonsoo/workspace/go_ws/install/champ:/home/yeonsoo/workspace/go_ws/install/go2_description:/home/yeonsoo/workspace/go_ws/install/go2_config:/home/yeonsoo/workspace/go_ws/install/champ_teleop:/home/yeonsoo/workspace/go_ws/install/champ_navigation:/home/yeonsoo/workspace/go_ws/install/champ_gazebo:/home/yeonsoo/workspace/go_ws/install/champ_bringup:/home/yeonsoo/workspace/go_ws/install/champ_base:/home/yeonsoo/workspace/go_ws/install/champ_description:/home/yeonsoo/workspace/go_ws/install/champ_config:/opt/ros/humble LD_LIBRARY_PATH=/home/yeonsoo/workspace/go_ws/install/champ_msgs/lib:/home/yeonsoo/workspace/go_ws/install/champ_base/lib:/usr/lib/x86_64-linux-gnu/gazebo-11/plugins:/opt/ros/humble/opt/rviz_ogre_vendor/lib:/opt/ros/humble/lib/x86_64-linux-gnu:/opt/ros/humble/lib:/usr/local/cuda/lib64 /usr/bin/cmake --install /home/yeonsoo/workspace/go_ws/build/champ_gazebo
[9.596s] -- Install configuration: ""
[9.596s] -- Execute custom install script
[9.596s] -- Symlinking: /home/yeonsoo/workspace/go_ws/install/champ_gazebo/bin/imu_sensor.py
[9.602s] -- Symlinking: /home/yeonsoo/workspace/go_ws/install/champ_gazebo/bin/odometry_tf.py
[9.607s] -- Symlinking: /home/yeonsoo/workspace/go_ws/install/champ_gazebo/bin/odometry.py
[9.611s] -- Symlinking: /home/yeonsoo/workspace/go_ws/install/champ_gazebo/lib/champ_gazebo/contact_sensor
[9.616s] -- Symlinking: /home/yeonsoo/workspace/go_ws/install/champ_gazebo/share/champ_gazebo/launch/gazebo.launch
[9.621s] -- Symlinking: /home/yeonsoo/workspace/go_ws/install/champ_gazebo/share/champ_gazebo/launch/gazebo.launch.py
[9.625s] -- Symlinking: /home/yeonsoo/workspace/go_ws/install/champ_gazebo/share/champ_gazebo/launch/spawn_robot.launch
[9.629s] -- Symlinking: /home/yeonsoo/workspace/go_ws/install/champ_gazebo/share/champ_gazebo/launch/spawn_world.launch
[9.634s] -- Symlinking: /home/yeonsoo/workspace/go_ws/install/champ_gazebo/share/champ_gazebo/config/gazebo.yaml
[9.639s] -- Symlinking: /home/yeonsoo/workspace/go_ws/install/champ_gazebo/share/champ_gazebo/config/ros_control.yaml
[9.644s] -- Symlinking: /home/yeonsoo/workspace/go_ws/install/champ_gazebo/share/champ_gazebo/worlds/default.world
[9.650s] -- Symlinking: /home/yeonsoo/workspace/go_ws/install/champ_gazebo/share/champ_gazebo/worlds/outdoor.world
[9.654s] -- Symlinking: /home/yeonsoo/workspace/go_ws/install/champ_gazebo/share/champ_gazebo/worlds/playground.world
[9.658s] -- Symlinking: /home/yeonsoo/workspace/go_ws/install/champ_gazebo/share/ament_index/resource_index/package_run_dependencies/champ_gazebo
[9.662s] -- Symlinking: /home/yeonsoo/workspace/go_ws/install/champ_gazebo/share/ament_index/resource_index/parent_prefix_path/champ_gazebo
[9.666s] -- Symlinking: /home/yeonsoo/workspace/go_ws/install/champ_gazebo/share/champ_gazebo/environment/ament_prefix_path.sh
[9.672s] -- Symlinking: /home/yeonsoo/workspace/go_ws/install/champ_gazebo/share/champ_gazebo/environment/ament_prefix_path.dsv
[9.677s] -- Symlinking: /home/yeonsoo/workspace/go_ws/install/champ_gazebo/share/champ_gazebo/environment/path.sh
[9.681s] -- Symlinking: /home/yeonsoo/workspace/go_ws/install/champ_gazebo/share/champ_gazebo/environment/path.dsv
[9.686s] -- Symlinking: /home/yeonsoo/workspace/go_ws/install/champ_gazebo/share/champ_gazebo/local_setup.bash
[9.690s] -- Symlinking: /home/yeonsoo/workspace/go_ws/install/champ_gazebo/share/champ_gazebo/local_setup.sh
[9.695s] -- Symlinking: /home/yeonsoo/workspace/go_ws/install/champ_gazebo/share/champ_gazebo/local_setup.zsh
[9.699s] -- Symlinking: /home/yeonsoo/workspace/go_ws/install/champ_gazebo/share/champ_gazebo/local_setup.dsv
[9.704s] -- Symlinking: /home/yeonsoo/workspace/go_ws/install/champ_gazebo/share/champ_gazebo/package.dsv
[9.710s] -- Symlinking: /home/yeonsoo/workspace/go_ws/install/champ_gazebo/share/ament_index/resource_index/packages/champ_gazebo
[9.716s] -- Symlinking: /home/yeonsoo/workspace/go_ws/install/champ_gazebo/share/champ_gazebo/cmake/ament_cmake_export_include_directories-extras.cmake
[9.720s] -- Symlinking: /home/yeonsoo/workspace/go_ws/install/champ_gazebo/share/champ_gazebo/cmake/ament_cmake_export_dependencies-extras.cmake
[9.726s] -- Symlinking: /home/yeonsoo/workspace/go_ws/install/champ_gazebo/share/champ_gazebo/cmake/champ_gazeboConfig.cmake
[9.731s] -- Symlinking: /home/yeonsoo/workspace/go_ws/install/champ_gazebo/share/champ_gazebo/cmake/champ_gazeboConfig-version.cmake
[9.737s] -- Symlinking: /home/yeonsoo/workspace/go_ws/install/champ_gazebo/share/champ_gazebo/package.xml
[9.743s] Invoked command in '/home/yeonsoo/workspace/go_ws/build/champ_gazebo' returned '0': CMAKE_PREFIX_PATH=/home/yeonsoo/workspace/go_ws/install/champ_msgs:/home/yeonsoo/workspace/go_ws/install/champ:/home/yeonsoo/workspace/go_ws/install/go2_description:/home/yeonsoo/workspace/go_ws/install/go2_config:/home/yeonsoo/workspace/go_ws/install/champ_teleop:/home/yeonsoo/workspace/go_ws/install/champ_navigation:/home/yeonsoo/workspace/go_ws/install/champ_gazebo:/home/yeonsoo/workspace/go_ws/install/champ_bringup:/home/yeonsoo/workspace/go_ws/install/champ_base:/home/yeonsoo/workspace/go_ws/install/champ_description:/home/yeonsoo/workspace/go_ws/install/champ_config:/opt/ros/humble LD_LIBRARY_PATH=/home/yeonsoo/workspace/go_ws/install/champ_msgs/lib:/home/yeonsoo/workspace/go_ws/install/champ_base/lib:/usr/lib/x86_64-linux-gnu/gazebo-11/plugins:/opt/ros/humble/opt/rviz_ogre_vendor/lib:/opt/ros/humble/lib/x86_64-linux-gnu:/opt/ros/humble/lib:/usr/local/cuda/lib64 /usr/bin/cmake --install /home/yeonsoo/workspace/go_ws/build/champ_gazebo
