[0.013s] Invoking command in '/home/yeonsoo/workspace/go_ws/build/champ_config': CMAKE_PREFIX_PATH=${CMAKE_PREFIX_PATH}:/opt/ros/humble /usr/bin/cmake /home/yeonsoo/workspace/go_ws/src/unitree-go2-ros2/champ/champ_config -DAMENT_CMAKE_SYMLINK_INSTALL=1 -DCMAKE_INSTALL_PREFIX=/home/yeonsoo/workspace/go_ws/install/champ_config
[0.087s] -- The C compiler identification is GNU 11.4.0
[0.133s] -- The CXX compiler identification is GNU 11.4.0
[0.138s] -- Detecting C compiler ABI info
[0.178s] -- Detecting C compiler ABI info - done
[0.183s] -- Check for working C compiler: /usr/bin/cc - skipped
[0.183s] -- Detecting C compile features
[0.183s] -- Detecting C compile features - done
[0.185s] -- Detecting CXX compiler ABI info
[0.233s] -- Detecting CXX compiler ABI info - done
[0.239s] -- Check for working CXX compiler: /usr/bin/c++ - skipped
[0.239s] -- Detecting CXX compile features
[0.239s] -- Detecting CXX compile features - done
[0.241s] -- Found ament_cmake: 1.3.11 (/opt/ros/humble/share/ament_cmake/cmake)
[0.326s] -- Found Python3: /usr/bin/python3 (found version "3.10.12") found components: Interpreter 
[0.358s] -- Override CMake install command with custom implementation using symlinks instead of copying resources
[0.406s] -- Configuring done
[0.408s] -- Generating done
[0.409s] -- Build files have been written to: /home/yeonsoo/workspace/go_ws/build/champ_config
[0.414s] Invoked command in '/home/yeonsoo/workspace/go_ws/build/champ_config' returned '0': CMAKE_PREFIX_PATH=${CMAKE_PREFIX_PATH}:/opt/ros/humble /usr/bin/cmake /home/yeonsoo/workspace/go_ws/src/unitree-go2-ros2/champ/champ_config -DAMENT_CMAKE_SYMLINK_INSTALL=1 -DCMAKE_INSTALL_PREFIX=/home/yeonsoo/workspace/go_ws/install/champ_config
[0.415s] Invoking command in '/home/yeonsoo/workspace/go_ws/build/champ_config': CMAKE_PREFIX_PATH=${CMAKE_PREFIX_PATH}:/opt/ros/humble /usr/bin/cmake --build /home/yeonsoo/workspace/go_ws/build/champ_config -- -j32 -l32
[0.439s] Invoked command in '/home/yeonsoo/workspace/go_ws/build/champ_config' returned '0': CMAKE_PREFIX_PATH=${CMAKE_PREFIX_PATH}:/opt/ros/humble /usr/bin/cmake --build /home/yeonsoo/workspace/go_ws/build/champ_config -- -j32 -l32
[0.440s] Invoking command in '/home/yeonsoo/workspace/go_ws/build/champ_config': CMAKE_PREFIX_PATH=${CMAKE_PREFIX_PATH}:/opt/ros/humble /usr/bin/cmake --install /home/yeonsoo/workspace/go_ws/build/champ_config
[0.445s] -- Install configuration: ""
[0.445s] -- Execute custom install script
[0.445s] -- Symlinking: /home/yeonsoo/workspace/go_ws/install/champ_config/share/champ_config/launch/bringup.launch.py
[0.450s] -- Symlinking: /home/yeonsoo/workspace/go_ws/install/champ_config/share/champ_config/launch/gazebo.launch.py
[0.457s] -- Symlinking: /home/yeonsoo/workspace/go_ws/install/champ_config/share/champ_config/launch/navigate.launch.py
[0.462s] -- Symlinking: /home/yeonsoo/workspace/go_ws/install/champ_config/share/champ_config/launch/slam.launch.py
[0.466s] -- Symlinking: /home/yeonsoo/workspace/go_ws/install/champ_config/share/champ_config/config/autonomy/navigation.yaml
[0.472s] -- Symlinking: /home/yeonsoo/workspace/go_ws/install/champ_config/share/champ_config/config/autonomy/slam.yaml
[0.477s] -- Symlinking: /home/yeonsoo/workspace/go_ws/install/champ_config/share/champ_config/config/gait/gait.yaml
[0.483s] -- Symlinking: /home/yeonsoo/workspace/go_ws/install/champ_config/share/champ_config/config/joints/joints.yaml
[0.489s] -- Symlinking: /home/yeonsoo/workspace/go_ws/install/champ_config/share/champ_config/config/links/links.yaml
[0.494s] -- Symlinking: /home/yeonsoo/workspace/go_ws/install/champ_config/share/champ_config/maps/map.pgm
[0.500s] -- Symlinking: /home/yeonsoo/workspace/go_ws/install/champ_config/share/champ_config/maps/map.yaml
[0.504s] -- Symlinking: /home/yeonsoo/workspace/go_ws/install/champ_config/share/champ_config/maps/playground.pgm
[0.509s] -- Symlinking: /home/yeonsoo/workspace/go_ws/install/champ_config/share/champ_config/maps/playground.yaml
[0.514s] -- Symlinking: /home/yeonsoo/workspace/go_ws/install/champ_config/share/champ_config/worlds/default.world
[0.520s] -- Symlinking: /home/yeonsoo/workspace/go_ws/install/champ_config/share/champ_config/worlds/outdoor.world
[0.525s] -- Symlinking: /home/yeonsoo/workspace/go_ws/install/champ_config/share/champ_config/worlds/playground.world
[0.530s] -- Symlinking: /home/yeonsoo/workspace/go_ws/install/champ_config/share/ament_index/resource_index/package_run_dependencies/champ_config
[0.534s] -- Symlinking: /home/yeonsoo/workspace/go_ws/install/champ_config/share/ament_index/resource_index/parent_prefix_path/champ_config
[0.539s] -- Symlinking: /home/yeonsoo/workspace/go_ws/install/champ_config/share/champ_config/environment/ament_prefix_path.sh
[0.545s] -- Symlinking: /home/yeonsoo/workspace/go_ws/install/champ_config/share/champ_config/environment/ament_prefix_path.dsv
[0.550s] -- Symlinking: /home/yeonsoo/workspace/go_ws/install/champ_config/share/champ_config/environment/path.sh
[0.556s] -- Symlinking: /home/yeonsoo/workspace/go_ws/install/champ_config/share/champ_config/environment/path.dsv
[0.560s] -- Symlinking: /home/yeonsoo/workspace/go_ws/install/champ_config/share/champ_config/local_setup.bash
[0.565s] -- Symlinking: /home/yeonsoo/workspace/go_ws/install/champ_config/share/champ_config/local_setup.sh
[0.571s] -- Symlinking: /home/yeonsoo/workspace/go_ws/install/champ_config/share/champ_config/local_setup.zsh
[0.577s] -- Symlinking: /home/yeonsoo/workspace/go_ws/install/champ_config/share/champ_config/local_setup.dsv
[0.582s] -- Symlinking: /home/yeonsoo/workspace/go_ws/install/champ_config/share/champ_config/package.dsv
[0.586s] -- Symlinking: /home/yeonsoo/workspace/go_ws/install/champ_config/share/ament_index/resource_index/packages/champ_config
[0.591s] -- Symlinking: /home/yeonsoo/workspace/go_ws/install/champ_config/share/champ_config/cmake/champ_configConfig.cmake
[0.595s] -- Symlinking: /home/yeonsoo/workspace/go_ws/install/champ_config/share/champ_config/cmake/champ_configConfig-version.cmake
[0.599s] -- Symlinking: /home/yeonsoo/workspace/go_ws/install/champ_config/share/champ_config/package.xml
[0.609s] Invoked command in '/home/yeonsoo/workspace/go_ws/build/champ_config' returned '0': CMAKE_PREFIX_PATH=${CMAKE_PREFIX_PATH}:/opt/ros/humble /usr/bin/cmake --install /home/yeonsoo/workspace/go_ws/build/champ_config
