[0.014s] Invoking command in '/home/yeonsoo/workspace/go_ws/build/champ_description': CMAKE_PREFIX_PATH=${CMAKE_PREFIX_PATH}:/opt/ros/humble /usr/bin/cmake /home/yeonsoo/workspace/go_ws/src/unitree-go2-ros2/champ/champ_description -DAMENT_CMAKE_SYMLINK_INSTALL=1 -DCMAKE_INSTALL_PREFIX=/home/yeonsoo/workspace/go_ws/install/champ_description
[0.089s] -- The C compiler identification is GNU 11.4.0
[0.135s] -- The CXX compiler identification is GNU 11.4.0
[0.140s] -- Detecting C compiler ABI info
[0.177s] -- Detecting C compiler ABI info - done
[0.182s] -- Check for working C compiler: /usr/bin/cc - skipped
[0.182s] -- Detecting C compile features
[0.182s] -- Detecting C compile features - done
[0.184s] -- Detecting CXX compiler ABI info
[0.232s] -- Detecting CXX compiler ABI info - done
[0.236s] -- Check for working CXX compiler: /usr/bin/c++ - skipped
[0.236s] -- Detecting CXX compile features
[0.236s] -- Detecting CXX compile features - done
[0.237s] -- Found ament_cmake: 1.3.11 (/opt/ros/humble/share/ament_cmake/cmake)
[0.317s] -- Found Python3: /usr/bin/python3 (found version "3.10.12") found components: Interpreter 
[0.346s] -- Override CMake install command with custom implementation using symlinks instead of copying resources
[0.361s] -- Found ament_lint_auto: 0.12.11 (/opt/ros/humble/share/ament_lint_auto/cmake)
[0.408s] -- Configuring done
[0.410s] -- Generating done
[0.411s] -- Build files have been written to: /home/yeonsoo/workspace/go_ws/build/champ_description
[0.417s] Invoked command in '/home/yeonsoo/workspace/go_ws/build/champ_description' returned '0': CMAKE_PREFIX_PATH=${CMAKE_PREFIX_PATH}:/opt/ros/humble /usr/bin/cmake /home/yeonsoo/workspace/go_ws/src/unitree-go2-ros2/champ/champ_description -DAMENT_CMAKE_SYMLINK_INSTALL=1 -DCMAKE_INSTALL_PREFIX=/home/yeonsoo/workspace/go_ws/install/champ_description
[0.419s] Invoking command in '/home/yeonsoo/workspace/go_ws/build/champ_description': CMAKE_PREFIX_PATH=${CMAKE_PREFIX_PATH}:/opt/ros/humble /usr/bin/cmake --build /home/yeonsoo/workspace/go_ws/build/champ_description -- -j32 -l32
[0.438s] Invoked command in '/home/yeonsoo/workspace/go_ws/build/champ_description' returned '0': CMAKE_PREFIX_PATH=${CMAKE_PREFIX_PATH}:/opt/ros/humble /usr/bin/cmake --build /home/yeonsoo/workspace/go_ws/build/champ_description -- -j32 -l32
[0.439s] Invoking command in '/home/yeonsoo/workspace/go_ws/build/champ_description': CMAKE_PREFIX_PATH=${CMAKE_PREFIX_PATH}:/opt/ros/humble /usr/bin/cmake --install /home/yeonsoo/workspace/go_ws/build/champ_description
[0.444s] -- Install configuration: ""
[0.444s] -- Execute custom install script
[0.445s] -- Symlinking: /home/yeonsoo/workspace/go_ws/install/champ_description/share/champ_description/launch/description.launch
[0.450s] -- Symlinking: /home/yeonsoo/workspace/go_ws/install/champ_description/share/champ_description/launch/description.launch.py
[0.454s] -- Symlinking: /home/yeonsoo/workspace/go_ws/install/champ_description/share/champ_description/launch/view_urdf.launch
[0.460s] -- Symlinking: /home/yeonsoo/workspace/go_ws/install/champ_description/share/champ_description/rviz/urdf_viewer.rviz
[0.466s] -- Symlinking: /home/yeonsoo/workspace/go_ws/install/champ_description/share/champ_description/meshes/arm/base.stl
[0.471s] -- Symlinking: /home/yeonsoo/workspace/go_ws/install/champ_description/share/champ_description/meshes/arm/lower_arm.stl
[0.477s] -- Symlinking: /home/yeonsoo/workspace/go_ws/install/champ_description/share/champ_description/meshes/arm/upper_arm.stl
[0.483s] -- Symlinking: /home/yeonsoo/workspace/go_ws/install/champ_description/share/champ_description/meshes/arm/wrist1.stl
[0.489s] -- Symlinking: /home/yeonsoo/workspace/go_ws/install/champ_description/share/champ_description/meshes/arm/wrist2.stl
[0.494s] -- Symlinking: /home/yeonsoo/workspace/go_ws/install/champ_description/share/champ_description/meshes/asus_camera_simple.dae
[0.498s] -- Symlinking: /home/yeonsoo/workspace/go_ws/install/champ_description/share/champ_description/meshes/base.stl
[0.503s] -- Symlinking: /home/yeonsoo/workspace/go_ws/install/champ_description/share/champ_description/meshes/base_simple.stl
[0.509s] -- Symlinking: /home/yeonsoo/workspace/go_ws/install/champ_description/share/champ_description/meshes/hip.stl
[0.513s] -- Symlinking: /home/yeonsoo/workspace/go_ws/install/champ_description/share/champ_description/meshes/hokuyo_utm_30lx.dae
[0.516s] -- Symlinking: /home/yeonsoo/workspace/go_ws/install/champ_description/share/champ_description/meshes/lower_leg.stl
[0.520s] -- Symlinking: /home/yeonsoo/workspace/go_ws/install/champ_description/share/champ_description/meshes/lower_leg_simple.stl
[0.525s] -- Symlinking: /home/yeonsoo/workspace/go_ws/install/champ_description/share/champ_description/meshes/upper_leg.stl
[0.529s] -- Symlinking: /home/yeonsoo/workspace/go_ws/install/champ_description/share/champ_description/meshes/upper_leg_simple.stl
[0.533s] -- Symlinking: /home/yeonsoo/workspace/go_ws/install/champ_description/share/champ_description/urdf/accessories.urdf.xacro
[0.536s] -- Symlinking: /home/yeonsoo/workspace/go_ws/install/champ_description/share/champ_description/urdf/asus_camera.urdf.xacro
[0.541s] -- Symlinking: /home/yeonsoo/workspace/go_ws/install/champ_description/share/champ_description/urdf/champ.urdf
[0.546s] -- Symlinking: /home/yeonsoo/workspace/go_ws/install/champ_description/share/champ_description/urdf/champ.urdf.xacro
[0.550s] -- Symlinking: /home/yeonsoo/workspace/go_ws/install/champ_description/share/champ_description/urdf/champ_arm.urdf
[0.554s] -- Symlinking: /home/yeonsoo/workspace/go_ws/install/champ_description/share/champ_description/urdf/champ_velodyne.urdf
[0.559s] -- Symlinking: /home/yeonsoo/workspace/go_ws/install/champ_description/share/champ_description/urdf/gen_urdf
[0.563s] -- Symlinking: /home/yeonsoo/workspace/go_ws/install/champ_description/share/champ_description/urdf/hokuyo_utm30lx.urdf.xacro
[0.567s] -- Symlinking: /home/yeonsoo/workspace/go_ws/install/champ_description/share/champ_description/urdf/leg.urdf.xacro
[0.572s] -- Symlinking: /home/yeonsoo/workspace/go_ws/install/champ_description/share/champ_description/urdf/properties.urdf.xacro
[0.578s] -- Symlinking: /home/yeonsoo/workspace/go_ws/install/champ_description/share/ament_index/resource_index/package_run_dependencies/champ_description
[0.582s] -- Symlinking: /home/yeonsoo/workspace/go_ws/install/champ_description/share/ament_index/resource_index/parent_prefix_path/champ_description
[0.588s] -- Symlinking: /home/yeonsoo/workspace/go_ws/install/champ_description/share/champ_description/environment/ament_prefix_path.sh
[0.593s] -- Symlinking: /home/yeonsoo/workspace/go_ws/install/champ_description/share/champ_description/environment/ament_prefix_path.dsv
[0.599s] -- Symlinking: /home/yeonsoo/workspace/go_ws/install/champ_description/share/champ_description/environment/path.sh
[0.604s] -- Symlinking: /home/yeonsoo/workspace/go_ws/install/champ_description/share/champ_description/environment/path.dsv
[0.611s] -- Symlinking: /home/yeonsoo/workspace/go_ws/install/champ_description/share/champ_description/local_setup.bash
[0.615s] -- Symlinking: /home/yeonsoo/workspace/go_ws/install/champ_description/share/champ_description/local_setup.sh
[0.618s] -- Symlinking: /home/yeonsoo/workspace/go_ws/install/champ_description/share/champ_description/local_setup.zsh
[0.623s] -- Symlinking: /home/yeonsoo/workspace/go_ws/install/champ_description/share/champ_description/local_setup.dsv
[0.628s] -- Symlinking: /home/yeonsoo/workspace/go_ws/install/champ_description/share/champ_description/package.dsv
[0.633s] -- Symlinking: /home/yeonsoo/workspace/go_ws/install/champ_description/share/ament_index/resource_index/packages/champ_description
[0.639s] -- Symlinking: /home/yeonsoo/workspace/go_ws/install/champ_description/share/champ_description/cmake/champ_descriptionConfig.cmake
[0.643s] -- Symlinking: /home/yeonsoo/workspace/go_ws/install/champ_description/share/champ_description/cmake/champ_descriptionConfig-version.cmake
[0.647s] -- Symlinking: /home/yeonsoo/workspace/go_ws/install/champ_description/share/champ_description/package.xml
[0.653s] Invoked command in '/home/yeonsoo/workspace/go_ws/build/champ_description' returned '0': CMAKE_PREFIX_PATH=${CMAKE_PREFIX_PATH}:/opt/ros/humble /usr/bin/cmake --install /home/yeonsoo/workspace/go_ws/build/champ_description
