running develop
running egg_info
creating local_path_planner.egg-info
writing local_path_planner.egg-info/PKG-INFO
writing dependency_links to local_path_planner.egg-info/dependency_links.txt
writing entry points to local_path_planner.egg-info/entry_points.txt
writing requirements to local_path_planner.egg-info/requires.txt
writing top-level names to local_path_planner.egg-info/top_level.txt
writing manifest file 'local_path_planner.egg-info/SOURCES.txt'
reading manifest file 'local_path_planner.egg-info/SOURCES.txt'
writing manifest file 'local_path_planner.egg-info/SOURCES.txt'
running build_ext
Creating /home/yeonsoo/workspace/go_ws/install/local_path_planner/lib/python3.10/site-packages/local-path-planner.egg-link (link to .)
Installing costmap script to /home/yeonsoo/workspace/go_ws/install/local_path_planner/lib/local_path_planner
Installing path_planner script to /home/yeonsoo/workspace/go_ws/install/local_path_planner/lib/local_path_planner

Installed /home/yeonsoo/workspace/go_ws/build/local_path_planner
running symlink_data
symbolically linking /home/yeonsoo/workspace/go_ws/build/local_path_planner/package.xml -> /home/yeonsoo/workspace/go_ws/install/local_path_planner/share/local_path_planner
creating /home/yeonsoo/workspace/go_ws/install/local_path_planner/share/local_path_planner/launch
symbolically linking /home/yeonsoo/workspace/go_ws/build/local_path_planner/launch/integrated_planner_launch.py -> /home/yeonsoo/workspace/go_ws/install/local_path_planner/share/local_path_planner/launch
