[0.279s] Invoking command in '/home/yeonsoo/workspace/go_ws/build/local_path_planner': PYTHONPATH=/home/yeonsoo/workspace/go_ws/build/local_path_planner/prefix_override:/usr/lib/python3/dist-packages/colcon_core/task/python/colcon_distutils_commands:/home/yeonsoo/workspace/go_ws/install/local_path_planner/lib/python3.10/site-packages:${PYTHONPATH} /usr/bin/python3 -W ignore:setup.py install is deprecated -W ignore:easy_install command is deprecated setup.py develop --editable --build-directory /home/yeonsoo/workspace/go_ws/build/local_path_planner/build --no-deps symlink_data
[0.380s] running develop
[0.438s] running egg_info
[0.438s] creating local_path_planner.egg-info
[0.438s] writing local_path_planner.egg-info/PKG-INFO
[0.438s] writing dependency_links to local_path_planner.egg-info/dependency_links.txt
[0.438s] writing entry points to local_path_planner.egg-info/entry_points.txt
[0.439s] writing requirements to local_path_planner.egg-info/requires.txt
[0.439s] writing top-level names to local_path_planner.egg-info/top_level.txt
[0.439s] writing manifest file 'local_path_planner.egg-info/SOURCES.txt'
[0.439s] reading manifest file 'local_path_planner.egg-info/SOURCES.txt'
[0.439s] writing manifest file 'local_path_planner.egg-info/SOURCES.txt'
[0.440s] running build_ext
[0.440s] Creating /home/yeonsoo/workspace/go_ws/install/local_path_planner/lib/python3.10/site-packages/local-path-planner.egg-link (link to .)
[0.440s] Installing costmap script to /home/yeonsoo/workspace/go_ws/install/local_path_planner/lib/local_path_planner
[0.441s] Installing path_planner script to /home/yeonsoo/workspace/go_ws/install/local_path_planner/lib/local_path_planner
[0.441s] 
[0.441s] Installed /home/yeonsoo/workspace/go_ws/build/local_path_planner
[0.441s] running symlink_data
[0.441s] symbolically linking /home/yeonsoo/workspace/go_ws/build/local_path_planner/package.xml -> /home/yeonsoo/workspace/go_ws/install/local_path_planner/share/local_path_planner
[0.441s] creating /home/yeonsoo/workspace/go_ws/install/local_path_planner/share/local_path_planner/launch
[0.441s] symbolically linking /home/yeonsoo/workspace/go_ws/build/local_path_planner/launch/integrated_planner_launch.py -> /home/yeonsoo/workspace/go_ws/install/local_path_planner/share/local_path_planner/launch
[0.454s] Invoked command in '/home/yeonsoo/workspace/go_ws/build/local_path_planner' returned '0': PYTHONPATH=/home/yeonsoo/workspace/go_ws/build/local_path_planner/prefix_override:/usr/lib/python3/dist-packages/colcon_core/task/python/colcon_distutils_commands:/home/yeonsoo/workspace/go_ws/install/local_path_planner/lib/python3.10/site-packages:${PYTHONPATH} /usr/bin/python3 -W ignore:setup.py install is deprecated -W ignore:easy_install command is deprecated setup.py develop --editable --build-directory /home/yeonsoo/workspace/go_ws/build/local_path_planner/build --no-deps symlink_data
